{"C:\\Users\\Admin\\Desktop\\Teach2Give\\CAR DB\\src\\index.ts": {"path":"C:\\Users\\Admin\\Desktop\\Teach2Give\\CAR DB\\src\\index.ts","statementMap":{"0":{"start":{"line":1,"column":0},"end":{"line":1,"column":29}},"1":{"start":{"line":2,"column":0},"end":{"line":2,"column":23}},"2":{"start":{"line":3,"column":0},"end":{"line":3,"column":46}},"3":{"start":{"line":4,"column":0},"end":{"line":4,"column":41}},"4":{"start":{"line":5,"column":0},"end":{"line":5,"column":56}},"5":{"start":{"line":6,"column":0},"end":{"line":6,"column":59}},"6":{"start":{"line":7,"column":0},"end":{"line":7,"column":56}},"7":{"start":{"line":8,"column":0},"end":{"line":8,"column":65}},"8":{"start":{"line":9,"column":0},"end":{"line":9,"column":53}},"9":{"start":{"line":10,"column":0},"end":{"line":10,"column":65}},"10":{"start":{"line":11,"column":0},"end":{"line":11,"column":38}},"11":{"start":{"line":13,"column":21},"end":{"line":34,"column":1}},"12":{"start":{"line":14,"column":16},"end":{"line":14,"column":25}},"13":{"start":{"line":15,"column":4},"end":{"line":15,"column":28}},"14":{"start":{"line":18,"column":4},"end":{"line":18,"column":17}},"15":{"start":{"line":19,"column":4},"end":{"line":19,"column":19}},"16":{"start":{"line":20,"column":4},"end":{"line":20,"column":24}},"17":{"start":{"line":21,"column":4},"end":{"line":21,"column":25}},"18":{"start":{"line":22,"column":4},"end":{"line":22,"column":24}},"19":{"start":{"line":23,"column":4},"end":{"line":23,"column":27}},"20":{"start":{"line":24,"column":4},"end":{"line":24,"column":23}},"21":{"start":{"line":25,"column":4},"end":{"line":25,"column":27}},"22":{"start":{"line":26,"column":4},"end":{"line":26,"column":14}},"23":{"start":{"line":29,"column":4},"end":{"line":31,"column":null}},"24":{"start":{"line":30,"column":8},"end":{"line":30,"column":34}},"25":{"start":{"line":33,"column":4},"end":{"line":33,"column":15}},"26":{"start":{"line":36,"column":12},"end":{"line":36,"column":26}},"27":{"start":{"line":37,"column":0},"end":{"line":37,"column":19}}},"fnMap":{"0":{"name":"(anonymous_1)","decl":{"start":{"line":13,"column":21},"end":{"line":13,"column":24}},"loc":{"start":{"line":13,"column":26},"end":{"line":34,"column":1}}},"1":{"name":"(anonymous_2)","decl":{"start":{"line":29,"column":17},"end":{"line":29,"column":18}},"loc":{"start":{"line":29,"column":30},"end":{"line":31,"column":5}}}},"branchMap":{},"s":{"0":4,"1":4,"2":4,"3":4,"4":4,"5":4,"6":4,"7":4,"8":4,"9":4,"10":4,"11":4,"12":4,"13":4,"14":4,"15":4,"16":4,"17":4,"18":4,"19":4,"20":4,"21":4,"22":4,"23":4,"24":0,"25":4,"26":4,"27":4},"f":{"0":4,"1":0},"b":{}}
,"C:\\Users\\Admin\\Desktop\\Teach2Give\\CAR DB\\src\\product.ts": {"path":"C:\\Users\\Admin\\Desktop\\Teach2Give\\CAR DB\\src\\product.ts","statementMap":{"0":{"start":{"line":1,"column":0},"end":{"line":1,"column":16}},"1":{"start":{"line":2,"column":4},"end":{"line":2,"column":17}}},"fnMap":{"0":{"name":"product","decl":{"start":{"line":1,"column":16},"end":{"line":1,"column":23}},"loc":{"start":{"line":1,"column":44},"end":{"line":3,"column":1}}}},"branchMap":{},"s":{"0":0,"1":0},"f":{"0":0},"b":{}}
,"C:\\Users\\Admin\\Desktop\\Teach2Give\\CAR DB\\src\\server.ts": {"path":"C:\\Users\\Admin\\Desktop\\Teach2Give\\CAR DB\\src\\server.ts","statementMap":{"0":{"start":{"line":1,"column":0},"end":{"line":1,"column":26}},"1":{"start":{"line":3,"column":0},"end":{"line":5,"column":null}},"2":{"start":{"line":4,"column":4},"end":{"line":4,"column":62}}},"fnMap":{"0":{"name":"(anonymous_1)","decl":{"start":{"line":3,"column":17},"end":{"line":3,"column":20}},"loc":{"start":{"line":3,"column":22},"end":{"line":5,"column":1}}}},"branchMap":{},"s":{"0":0,"1":0,"2":0},"f":{"0":0},"b":{}}
,"C:\\Users\\Admin\\Desktop\\Teach2Give\\CAR DB\\src\\Auth\\auth.controller.ts": {"path":"C:\\Users\\Admin\\Desktop\\Teach2Give\\CAR DB\\src\\Auth\\auth.controller.ts","statementMap":{"0":{"start":{"line":2,"column":0},"end":{"line":2,"column":31}},"1":{"start":{"line":3,"column":0},"end":{"line":3,"column":22}},"2":{"start":{"line":4,"column":0},"end":{"line":4,"column":30}},"3":{"start":{"line":6,"column":0},"end":{"line":6,"column":44}},"4":{"start":{"line":7,"column":0},"end":{"line":7,"column":111}},"5":{"start":{"line":10,"column":36},"end":{"line":43,"column":1}},"6":{"start":{"line":11,"column":4},"end":{"line":42,"column":5}},"7":{"start":{"line":12,"column":25},"end":{"line":12,"column":33}},"8":{"start":{"line":13,"column":25},"end":{"line":13,"column":42}},"9":{"start":{"line":14,"column":31},"end":{"line":14,"column":67}},"10":{"start":{"line":15,"column":8},"end":{"line":15,"column":43}},"11":{"start":{"line":18,"column":33},"end":{"line":18,"column":87}},"12":{"start":{"line":19,"column":8},"end":{"line":19,"column":53}},"13":{"start":{"line":20,"column":8},"end":{"line":20,"column":36}},"14":{"start":{"line":22,"column":27},"end":{"line":22,"column":60}},"15":{"start":{"line":23,"column":8},"end":{"line":23,"column":74}},"16":{"start":{"line":23,"column":25},"end":{"line":23,"column":74}},"17":{"start":{"line":25,"column":8},"end":{"line":37,"column":9}},"18":{"start":{"line":26,"column":12},"end":{"line":35,"column":14}},"19":{"start":{"line":36,"column":12},"end":{"line":36,"column":76}},"20":{"start":{"line":38,"column":8},"end":{"line":38,"column":null}},"21":{"start":{"line":41,"column":8},"end":{"line":41,"column":null}},"22":{"start":{"line":10,"column":13},"end":{"line":10,"column":36}},"23":{"start":{"line":45,"column":36},"end":{"line":81,"column":1}},"24":{"start":{"line":46,"column":28},"end":{"line":46,"column":36}},"25":{"start":{"line":47,"column":4},"end":{"line":80,"column":5}},"26":{"start":{"line":48,"column":21},"end":{"line":48,"column":55}},"27":{"start":{"line":49,"column":8},"end":{"line":51,"column":9}},"28":{"start":{"line":50,"column":12},"end":{"line":50,"column":71}},"29":{"start":{"line":53,"column":8},"end":{"line":76,"column":9}},"30":{"start":{"line":54,"column":12},"end":{"line":54,"column":43}},"31":{"start":{"line":57,"column":12},"end":{"line":72,"column":13}},"32":{"start":{"line":58,"column":16},"end":{"line":67,"column":null}},"33":{"start":{"line":70,"column":16},"end":{"line":70,"column":83}},"34":{"start":{"line":73,"column":12},"end":{"line":73,"column":83}},"35":{"start":{"line":75,"column":12},"end":{"line":75,"column":82}},"36":{"start":{"line":78,"column":8},"end":{"line":78,"column":62}},"37":{"start":{"line":45,"column":13},"end":{"line":45,"column":36}},"38":{"start":{"line":84,"column":35},"end":{"line":137,"column":1}},"39":{"start":{"line":85,"column":4},"end":{"line":136,"column":5}},"40":{"start":{"line":86,"column":21},"end":{"line":86,"column":29}},"41":{"start":{"line":89,"column":26},"end":{"line":89,"column":54}},"42":{"start":{"line":90,"column":8},"end":{"line":92,"column":9}},"43":{"start":{"line":91,"column":12},"end":{"line":91,"column":71}},"44":{"start":{"line":94,"column":8},"end":{"line":96,"column":9}},"45":{"start":{"line":95,"column":12},"end":{"line":95,"column":104}},"46":{"start":{"line":99,"column":26},"end":{"line":99,"column":86}},"47":{"start":{"line":100,"column":8},"end":{"line":102,"column":9}},"48":{"start":{"line":101,"column":12},"end":{"line":101,"column":76}},"49":{"start":{"line":105,"column":24},"end":{"line":112,"column":null}},"50":{"start":{"line":115,"column":23},"end":{"line":115,"column":55}},"51":{"start":{"line":116,"column":8},"end":{"line":118,"column":9}},"52":{"start":{"line":117,"column":12},"end":{"line":117,"column":86}},"53":{"start":{"line":119,"column":22},"end":{"line":119,"column":47}},"54":{"start":{"line":122,"column":8},"end":{"line":132,"column":null}},"55":{"start":{"line":134,"column":8},"end":{"line":134,"column":62}},"56":{"start":{"line":84,"column":13},"end":{"line":84,"column":35}}},"fnMap":{"0":{"name":"(anonymous_1)","decl":{"start":{"line":10,"column":36},"end":{"line":10,"column":41}},"loc":{"start":{"line":10,"column":74},"end":{"line":43,"column":1}}},"1":{"name":"(anonymous_2)","decl":{"start":{"line":45,"column":36},"end":{"line":45,"column":41}},"loc":{"start":{"line":45,"column":74},"end":{"line":81,"column":1}}},"2":{"name":"(anonymous_3)","decl":{"start":{"line":84,"column":35},"end":{"line":84,"column":40}},"loc":{"start":{"line":84,"column":73},"end":{"line":137,"column":1}}}},"branchMap":{"0":{"loc":{"start":{"line":23,"column":8},"end":{"line":23,"column":74}},"type":"if","locations":[{"start":{"line":23,"column":8},"end":{"line":23,"column":74}},{"start":{},"end":{}}]},"1":{"loc":{"start":{"line":49,"column":8},"end":{"line":51,"column":9}},"type":"if","locations":[{"start":{"line":49,"column":8},"end":{"line":51,"column":9}},{"start":{},"end":{}}]},"2":{"loc":{"start":{"line":53,"column":8},"end":{"line":76,"column":9}},"type":"if","locations":[{"start":{"line":53,"column":8},"end":{"line":76,"column":9}},{"start":{"line":74,"column":15},"end":{"line":76,"column":9}}]},"3":{"loc":{"start":{"line":90,"column":8},"end":{"line":92,"column":9}},"type":"if","locations":[{"start":{"line":90,"column":8},"end":{"line":92,"column":9}},{"start":{},"end":{}}]},"4":{"loc":{"start":{"line":94,"column":8},"end":{"line":96,"column":9}},"type":"if","locations":[{"start":{"line":94,"column":8},"end":{"line":96,"column":9}},{"start":{},"end":{}}]},"5":{"loc":{"start":{"line":100,"column":8},"end":{"line":102,"column":9}},"type":"if","locations":[{"start":{"line":100,"column":8},"end":{"line":102,"column":9}},{"start":{},"end":{}}]},"6":{"loc":{"start":{"line":116,"column":8},"end":{"line":118,"column":9}},"type":"if","locations":[{"start":{"line":116,"column":8},"end":{"line":118,"column":9}},{"start":{},"end":{}}]}},"s":{"0":4,"1":4,"2":4,"3":4,"4":4,"5":4,"6":2,"7":2,"8":2,"9":2,"10":2,"11":2,"12":2,"13":2,"14":2,"15":2,"16":0,"17":2,"18":2,"19":0,"20":2,"21":0,"22":4,"23":4,"24":2,"25":2,"26":2,"27":2,"28":1,"29":1,"30":1,"31":1,"32":1,"33":0,"34":1,"35":0,"36":0,"37":4,"38":4,"39":3,"40":3,"41":3,"42":3,"43":3,"44":0,"45":0,"46":0,"47":0,"48":0,"49":0,"50":0,"51":0,"52":0,"53":0,"54":0,"55":0,"56":4},"f":{"0":2,"1":2,"2":3},"b":{"0":[0,2],"1":[1,1],"2":[1,0],"3":[3,0],"4":[0,0],"5":[0,0],"6":[0,0]}}
,"C:\\Users\\Admin\\Desktop\\Teach2Give\\CAR DB\\src\\Auth\\auth.router.ts": {"path":"C:\\Users\\Admin\\Desktop\\Teach2Give\\CAR DB\\src\\Auth\\auth.router.ts","statementMap":{"0":{"start":{"line":3,"column":0},"end":{"line":3,"column":100}},"1":{"start":{"line":5,"column":13},"end":{"line":40,"column":1}},"2":{"start":{"line":7,"column":4},"end":{"line":16,"column":null}},"3":{"start":{"line":9,"column":12},"end":{"line":13,"column":13}},"4":{"start":{"line":10,"column":16},"end":{"line":10,"column":null}},"5":{"start":{"line":12,"column":16},"end":{"line":12,"column":null}},"6":{"start":{"line":19,"column":4},"end":{"line":27,"column":null}},"7":{"start":{"line":21,"column":12},"end":{"line":25,"column":13}},"8":{"start":{"line":22,"column":16},"end":{"line":22,"column":null}},"9":{"start":{"line":24,"column":16},"end":{"line":24,"column":null}},"10":{"start":{"line":30,"column":4},"end":{"line":39,"column":null}},"11":{"start":{"line":32,"column":12},"end":{"line":36,"column":13}},"12":{"start":{"line":33,"column":16},"end":{"line":33,"column":null}},"13":{"start":{"line":35,"column":16},"end":{"line":35,"column":null}},"14":{"start":{"line":42,"column":0},"end":{"line":42,"column":20}}},"fnMap":{"0":{"name":"(anonymous_0)","decl":{"start":{"line":5,"column":13},"end":{"line":5,"column":14}},"loc":{"start":{"line":5,"column":30},"end":{"line":40,"column":1}}},"1":{"name":"(anonymous_1)","decl":{"start":{"line":8,"column":8},"end":{"line":8,"column":13}},"loc":{"start":{"line":8,"column":33},"end":{"line":15,"column":9}}},"2":{"name":"(anonymous_2)","decl":{"start":{"line":20,"column":8},"end":{"line":20,"column":13}},"loc":{"start":{"line":20,"column":33},"end":{"line":26,"column":9}}},"3":{"name":"(anonymous_3)","decl":{"start":{"line":31,"column":8},"end":{"line":31,"column":13}},"loc":{"start":{"line":31,"column":33},"end":{"line":37,"column":9}}}},"branchMap":{},"s":{"0":4,"1":4,"2":4,"3":2,"4":2,"5":0,"6":4,"7":2,"8":2,"9":0,"10":4,"11":3,"12":3,"13":0,"14":4},"f":{"0":4,"1":2,"2":2,"3":3},"b":{}}
,"C:\\Users\\Admin\\Desktop\\Teach2Give\\CAR DB\\src\\Auth\\auth.service.ts": {"path":"C:\\Users\\Admin\\Desktop\\Teach2Give\\CAR DB\\src\\Auth\\auth.service.ts","statementMap":{"0":{"start":{"line":1,"column":0},"end":{"line":1,"column":34}},"1":{"start":{"line":2,"column":0},"end":{"line":2,"column":31}},"2":{"start":{"line":3,"column":0},"end":{"line":3,"column":62}},"3":{"start":{"line":6,"column":33},"end":{"line":9,"column":1}},"4":{"start":{"line":7,"column":26},"end":{"line":7,"column":81}},"5":{"start":{"line":8,"column":4},"end":{"line":8,"column":23}},"6":{"start":{"line":6,"column":13},"end":{"line":6,"column":33}},"7":{"start":{"line":12,"column":37},"end":{"line":16,"column":1}},"8":{"start":{"line":13,"column":4},"end":{"line":15,"column":7}},"9":{"start":{"line":12,"column":13},"end":{"line":12,"column":37}},"10":{"start":{"line":18,"column":33},"end":{"line":22,"column":1}},"11":{"start":{"line":19,"column":4},"end":{"line":21,"column":55}},"12":{"start":{"line":18,"column":13},"end":{"line":18,"column":33}},"13":{"start":{"line":26,"column":32},"end":{"line":41,"column":1}},"14":{"start":{"line":28,"column":22},"end":{"line":28,"column":26}},"15":{"start":{"line":30,"column":6},"end":{"line":40,"column":null}},"16":{"start":{"line":26,"column":13},"end":{"line":26,"column":32}}},"fnMap":{"0":{"name":"(anonymous_1)","decl":{"start":{"line":6,"column":33},"end":{"line":6,"column":38}},"loc":{"start":{"line":6,"column":60},"end":{"line":9,"column":1}}},"1":{"name":"(anonymous_2)","decl":{"start":{"line":12,"column":37},"end":{"line":12,"column":42}},"loc":{"start":{"line":12,"column":61},"end":{"line":16,"column":1}}},"2":{"name":"(anonymous_3)","decl":{"start":{"line":18,"column":33},"end":{"line":18,"column":38}},"loc":{"start":{"line":18,"column":57},"end":{"line":22,"column":1}}},"3":{"name":"(anonymous_4)","decl":{"start":{"line":26,"column":32},"end":{"line":26,"column":37}},"loc":{"start":{"line":26,"column":59},"end":{"line":41,"column":1}}}},"branchMap":{},"s":{"0":4,"1":4,"2":4,"3":4,"4":2,"5":2,"6":4,"7":4,"8":2,"9":4,"10":4,"11":1,"12":4,"13":4,"14":3,"15":3,"16":4},"f":{"0":2,"1":2,"2":1,"3":3},"b":{}}
,"C:\\Users\\Admin\\Desktop\\Teach2Give\\CAR DB\\src\\Booking\\booking.controller.ts": {"path":"C:\\Users\\Admin\\Desktop\\Teach2Give\\CAR DB\\src\\Booking\\booking.controller.ts","statementMap":{"0":{"start":{"line":5,"column":0},"end":{"line":5,"column":null}},"1":{"start":{"line":14,"column":39},"end":{"line":35,"column":1}},"2":{"start":{"line":15,"column":2},"end":{"line":34,"column":3}},"3":{"start":{"line":16,"column":20},"end":{"line":16,"column":28}},"4":{"start":{"line":18,"column":5},"end":{"line":18,"column":66}},"5":{"start":{"line":19,"column":5},"end":{"line":19,"column":62}},"6":{"start":{"line":21,"column":4},"end":{"line":21,"column":null}},"7":{"start":{"line":23,"column":23},"end":{"line":23,"column":58}},"8":{"start":{"line":25,"column":4},"end":{"line":25,"column":null}},"9":{"start":{"line":26,"column":4},"end":{"line":30,"column":5}},"10":{"start":{"line":27,"column":6},"end":{"line":27,"column":97}},"11":{"start":{"line":29,"column":6},"end":{"line":29,"column":75}},"12":{"start":{"line":32,"column":4},"end":{"line":32,"column":50}},"13":{"start":{"line":33,"column":4},"end":{"line":33,"column":92}},"14":{"start":{"line":14,"column":13},"end":{"line":14,"column":39}},"15":{"start":{"line":38,"column":40},"end":{"line":50,"column":1}},"16":{"start":{"line":39,"column":2},"end":{"line":49,"column":3}},"17":{"start":{"line":40,"column":21},"end":{"line":40,"column":49}},"18":{"start":{"line":42,"column":4},"end":{"line":44,"column":5}},"19":{"start":{"line":43,"column":6},"end":{"line":43,"column":68}},"20":{"start":{"line":46,"column":4},"end":{"line":46,"column":96}},"21":{"start":{"line":48,"column":4},"end":{"line":48,"column":92}},"22":{"start":{"line":38,"column":13},"end":{"line":38,"column":40}},"23":{"start":{"line":53,"column":44},"end":{"line":74,"column":1}},"24":{"start":{"line":54,"column":2},"end":{"line":73,"column":3}},"25":{"start":{"line":55,"column":22},"end":{"line":55,"column":45}},"26":{"start":{"line":57,"column":4},"end":{"line":57,"column":null}},"27":{"start":{"line":58,"column":4},"end":{"line":60,"column":5}},"28":{"start":{"line":59,"column":6},"end":{"line":59,"column":69}},"29":{"start":{"line":62,"column":20},"end":{"line":62,"column":52}},"30":{"start":{"line":64,"column":4},"end":{"line":64,"column":null}},"31":{"start":{"line":65,"column":4},"end":{"line":67,"column":5}},"32":{"start":{"line":66,"column":6},"end":{"line":66,"column":68}},"33":{"start":{"line":69,"column":4},"end":{"line":69,"column":49}},"34":{"start":{"line":72,"column":4},"end":{"line":72,"column":56}},"35":{"start":{"line":53,"column":13},"end":{"line":53,"column":44}},"36":{"start":{"line":77,"column":39},"end":{"line":107,"column":1}},"37":{"start":{"line":78,"column":2},"end":{"line":106,"column":3}},"38":{"start":{"line":79,"column":22},"end":{"line":79,"column":45}},"39":{"start":{"line":80,"column":4},"end":{"line":82,"column":5}},"40":{"start":{"line":81,"column":6},"end":{"line":81,"column":69}},"41":{"start":{"line":84,"column":20},"end":{"line":84,"column":28}},"42":{"start":{"line":86,"column":5},"end":{"line":86,"column":66}},"43":{"start":{"line":87,"column":5},"end":{"line":87,"column":62}},"44":{"start":{"line":91,"column":28},"end":{"line":91,"column":60}},"45":{"start":{"line":92,"column":4},"end":{"line":94,"column":5}},"46":{"start":{"line":93,"column":6},"end":{"line":93,"column":68}},"47":{"start":{"line":96,"column":27},"end":{"line":96,"column":73}},"48":{"start":{"line":98,"column":4},"end":{"line":102,"column":5}},"49":{"start":{"line":99,"column":6},"end":{"line":99,"column":101}},"50":{"start":{"line":101,"column":6},"end":{"line":101,"column":75}},"51":{"start":{"line":104,"column":4},"end":{"line":104,"column":null}},"52":{"start":{"line":105,"column":4},"end":{"line":105,"column":92}},"53":{"start":{"line":77,"column":13},"end":{"line":77,"column":39}},"54":{"start":{"line":110,"column":39},"end":{"line":132,"column":1}},"55":{"start":{"line":111,"column":2},"end":{"line":131,"column":3}},"56":{"start":{"line":112,"column":22},"end":{"line":112,"column":45}},"57":{"start":{"line":113,"column":4},"end":{"line":115,"column":5}},"58":{"start":{"line":114,"column":6},"end":{"line":114,"column":69}},"59":{"start":{"line":117,"column":28},"end":{"line":117,"column":60}},"60":{"start":{"line":118,"column":4},"end":{"line":120,"column":5}},"61":{"start":{"line":119,"column":6},"end":{"line":119,"column":68}},"62":{"start":{"line":122,"column":20},"end":{"line":122,"column":57}},"63":{"start":{"line":123,"column":5},"end":{"line":126,"column":9}},"64":{"start":{"line":124,"column":12},"end":{"line":124,"column":null}},"65":{"start":{"line":125,"column":12},"end":{"line":125,"column":19}},"66":{"start":{"line":127,"column":8},"end":{"line":127,"column":81}},"67":{"start":{"line":130,"column":4},"end":{"line":130,"column":92}},"68":{"start":{"line":110,"column":13},"end":{"line":110,"column":39}}},"fnMap":{"0":{"name":"(anonymous_0)","decl":{"start":{"line":14,"column":39},"end":{"line":14,"column":44}},"loc":{"start":{"line":14,"column":77},"end":{"line":35,"column":1}}},"1":{"name":"(anonymous_1)","decl":{"start":{"line":38,"column":40},"end":{"line":38,"column":45}},"loc":{"start":{"line":38,"column":79},"end":{"line":50,"column":1}}},"2":{"name":"(anonymous_2)","decl":{"start":{"line":53,"column":44},"end":{"line":53,"column":49}},"loc":{"start":{"line":53,"column":82},"end":{"line":74,"column":1}}},"3":{"name":"(anonymous_3)","decl":{"start":{"line":77,"column":39},"end":{"line":77,"column":44}},"loc":{"start":{"line":77,"column":77},"end":{"line":107,"column":1}}},"4":{"name":"(anonymous_4)","decl":{"start":{"line":110,"column":39},"end":{"line":110,"column":44}},"loc":{"start":{"line":110,"column":77},"end":{"line":132,"column":1}}}},"branchMap":{"0":{"loc":{"start":{"line":26,"column":4},"end":{"line":30,"column":5}},"type":"if","locations":[{"start":{"line":26,"column":4},"end":{"line":30,"column":5}},{"start":{"line":28,"column":11},"end":{"line":30,"column":5}}]},"1":{"loc":{"start":{"line":42,"column":4},"end":{"line":44,"column":5}},"type":"if","locations":[{"start":{"line":42,"column":4},"end":{"line":44,"column":5}},{"start":{},"end":{}}]},"2":{"loc":{"start":{"line":58,"column":4},"end":{"line":60,"column":5}},"type":"if","locations":[{"start":{"line":58,"column":4},"end":{"line":60,"column":5}},{"start":{},"end":{}}]},"3":{"loc":{"start":{"line":65,"column":4},"end":{"line":67,"column":5}},"type":"if","locations":[{"start":{"line":65,"column":4},"end":{"line":67,"column":5}},{"start":{},"end":{}}]},"4":{"loc":{"start":{"line":80,"column":4},"end":{"line":82,"column":5}},"type":"if","locations":[{"start":{"line":80,"column":4},"end":{"line":82,"column":5}},{"start":{},"end":{}}]},"5":{"loc":{"start":{"line":92,"column":4},"end":{"line":94,"column":5}},"type":"if","locations":[{"start":{"line":92,"column":4},"end":{"line":94,"column":5}},{"start":{},"end":{}}]},"6":{"loc":{"start":{"line":98,"column":4},"end":{"line":102,"column":5}},"type":"if","locations":[{"start":{"line":98,"column":4},"end":{"line":102,"column":5}},{"start":{"line":100,"column":11},"end":{"line":102,"column":5}}]},"7":{"loc":{"start":{"line":113,"column":4},"end":{"line":115,"column":5}},"type":"if","locations":[{"start":{"line":113,"column":4},"end":{"line":115,"column":5}},{"start":{},"end":{}}]},"8":{"loc":{"start":{"line":118,"column":4},"end":{"line":120,"column":5}},"type":"if","locations":[{"start":{"line":118,"column":4},"end":{"line":120,"column":5}},{"start":{},"end":{}}]},"9":{"loc":{"start":{"line":123,"column":5},"end":{"line":126,"column":9}},"type":"if","locations":[{"start":{"line":123,"column":5},"end":{"line":126,"column":9}},{"start":{},"end":{}}]}},"s":{"0":4,"1":4,"2":1,"3":1,"4":1,"5":1,"6":1,"7":1,"8":1,"9":1,"10":1,"11":0,"12":0,"13":0,"14":4,"15":4,"16":1,"17":1,"18":1,"19":0,"20":1,"21":0,"22":4,"23":4,"24":1,"25":1,"26":1,"27":1,"28":0,"29":1,"30":1,"31":1,"32":0,"33":1,"34":0,"35":4,"36":4,"37":1,"38":1,"39":1,"40":0,"41":1,"42":1,"43":1,"44":1,"45":1,"46":0,"47":1,"48":1,"49":1,"50":0,"51":0,"52":0,"53":4,"54":4,"55":1,"56":1,"57":1,"58":0,"59":1,"60":1,"61":0,"62":1,"63":1,"64":1,"65":1,"66":0,"67":0,"68":4},"f":{"0":1,"1":1,"2":1,"3":1,"4":1},"b":{"0":[1,0],"1":[0,1],"2":[0,1],"3":[0,1],"4":[0,1],"5":[0,1],"6":[1,0],"7":[0,1],"8":[0,1],"9":[1,0]}}
,"C:\\Users\\Admin\\Desktop\\Teach2Give\\CAR DB\\src\\Booking\\booking.router.ts": {"path":"C:\\Users\\Admin\\Desktop\\Teach2Give\\CAR DB\\src\\Booking\\booking.router.ts","statementMap":{"0":{"start":{"line":3,"column":0},"end":{"line":3,"column":169}},"1":{"start":{"line":6,"column":16},"end":{"line":73,"column":1}},"2":{"start":{"line":7,"column":4},"end":{"line":16,"column":null}},"3":{"start":{"line":9,"column":12},"end":{"line":14,"column":13}},"4":{"start":{"line":10,"column":16},"end":{"line":10,"column":null}},"5":{"start":{"line":12,"column":16},"end":{"line":12,"column":null}},"6":{"start":{"line":20,"column":4},"end":{"line":30,"column":null}},"7":{"start":{"line":23,"column":12},"end":{"line":28,"column":13}},"8":{"start":{"line":24,"column":16},"end":{"line":24,"column":null}},"9":{"start":{"line":26,"column":16},"end":{"line":26,"column":null}},"10":{"start":{"line":33,"column":4},"end":{"line":43,"column":null}},"11":{"start":{"line":36,"column":12},"end":{"line":41,"column":13}},"12":{"start":{"line":37,"column":16},"end":{"line":37,"column":null}},"13":{"start":{"line":39,"column":16},"end":{"line":39,"column":null}},"14":{"start":{"line":49,"column":4},"end":{"line":59,"column":null}},"15":{"start":{"line":52,"column":12},"end":{"line":57,"column":13}},"16":{"start":{"line":53,"column":16},"end":{"line":53,"column":null}},"17":{"start":{"line":55,"column":16},"end":{"line":55,"column":null}},"18":{"start":{"line":62,"column":4},"end":{"line":72,"column":null}},"19":{"start":{"line":65,"column":12},"end":{"line":70,"column":13}},"20":{"start":{"line":66,"column":16},"end":{"line":66,"column":null}},"21":{"start":{"line":68,"column":16},"end":{"line":68,"column":null}},"22":{"start":{"line":75,"column":0},"end":{"line":75,"column":null}}},"fnMap":{"0":{"name":"(anonymous_0)","decl":{"start":{"line":6,"column":16},"end":{"line":6,"column":17}},"loc":{"start":{"line":6,"column":32},"end":{"line":73,"column":1}}},"1":{"name":"(anonymous_1)","decl":{"start":{"line":8,"column":8},"end":{"line":8,"column":13}},"loc":{"start":{"line":8,"column":32},"end":{"line":15,"column":9}}},"2":{"name":"(anonymous_2)","decl":{"start":{"line":22,"column":8},"end":{"line":22,"column":13}},"loc":{"start":{"line":22,"column":33},"end":{"line":29,"column":9}}},"3":{"name":"(anonymous_3)","decl":{"start":{"line":35,"column":8},"end":{"line":35,"column":13}},"loc":{"start":{"line":35,"column":32},"end":{"line":42,"column":9}}},"4":{"name":"(anonymous_4)","decl":{"start":{"line":51,"column":8},"end":{"line":51,"column":13}},"loc":{"start":{"line":51,"column":32},"end":{"line":58,"column":9}}},"5":{"name":"(anonymous_5)","decl":{"start":{"line":64,"column":8},"end":{"line":64,"column":13}},"loc":{"start":{"line":64,"column":32},"end":{"line":71,"column":9}}}},"branchMap":{},"s":{"0":4,"1":4,"2":4,"3":1,"4":1,"5":0,"6":4,"7":1,"8":1,"9":0,"10":4,"11":1,"12":1,"13":0,"14":4,"15":1,"16":1,"17":0,"18":4,"19":1,"20":1,"21":0,"22":4},"f":{"0":4,"1":1,"2":1,"3":1,"4":1,"5":1},"b":{}}
,"C:\\Users\\Admin\\Desktop\\Teach2Give\\CAR DB\\src\\Booking\\booking.service.ts": {"path":"C:\\Users\\Admin\\Desktop\\Teach2Give\\CAR DB\\src\\Booking\\booking.service.ts","statementMap":{"0":{"start":{"line":1,"column":0},"end":{"line":1,"column":31}},"1":{"start":{"line":2,"column":0},"end":{"line":2,"column":99}},"2":{"start":{"line":3,"column":0},"end":{"line":3,"column":31}},"3":{"start":{"line":6,"column":36},"end":{"line":12,"column":1}},"4":{"start":{"line":7,"column":21},"end":{"line":7,"column":78}},"5":{"start":{"line":8,"column":8},"end":{"line":10,"column":9}},"6":{"start":{"line":9,"column":12},"end":{"line":9,"column":28}},"7":{"start":{"line":11,"column":8},"end":{"line":11,"column":20}},"8":{"start":{"line":6,"column":13},"end":{"line":6,"column":36}},"9":{"start":{"line":17,"column":36},"end":{"line":31,"column":1}},"10":{"start":{"line":18,"column":19},"end":{"line":24,"column":4}},"11":{"start":{"line":26,"column":2},"end":{"line":28,"column":3}},"12":{"start":{"line":27,"column":4},"end":{"line":27,"column":31}},"13":{"start":{"line":30,"column":2},"end":{"line":30,"column":18}},"14":{"start":{"line":17,"column":13},"end":{"line":17,"column":36}},"15":{"start":{"line":34,"column":31},"end":{"line":49,"column":1}},"16":{"start":{"line":35,"column":18},"end":{"line":42,"column":4}},"17":{"start":{"line":44,"column":2},"end":{"line":46,"column":3}},"18":{"start":{"line":45,"column":4},"end":{"line":45,"column":31}},"19":{"start":{"line":48,"column":2},"end":{"line":48,"column":17}},"20":{"start":{"line":34,"column":13},"end":{"line":34,"column":31}},"21":{"start":{"line":55,"column":36},"end":{"line":59,"column":1}},"22":{"start":{"line":56,"column":4},"end":{"line":56,"column":97}},"23":{"start":{"line":57,"column":4},"end":{"line":57,"column":41}},"24":{"start":{"line":55,"column":13},"end":{"line":55,"column":36}},"25":{"start":{"line":62,"column":36},"end":{"line":68,"column":1}},"26":{"start":{"line":63,"column":20},"end":{"line":63,"column":99}},"27":{"start":{"line":64,"column":4},"end":{"line":66,"column":5}},"28":{"start":{"line":65,"column":8},"end":{"line":65,"column":35}},"29":{"start":{"line":67,"column":4},"end":{"line":67,"column":42}},"30":{"start":{"line":62,"column":13},"end":{"line":62,"column":36}}},"fnMap":{"0":{"name":"(anonymous_1)","decl":{"start":{"line":6,"column":36},"end":{"line":6,"column":41}},"loc":{"start":{"line":6,"column":65},"end":{"line":12,"column":1}}},"1":{"name":"(anonymous_2)","decl":{"start":{"line":17,"column":36},"end":{"line":17,"column":41}},"loc":{"start":{"line":17,"column":47},"end":{"line":31,"column":1}}},"2":{"name":"(anonymous_3)","decl":{"start":{"line":34,"column":31},"end":{"line":34,"column":36}},"loc":{"start":{"line":34,"column":59},"end":{"line":49,"column":1}}},"3":{"name":"(anonymous_4)","decl":{"start":{"line":55,"column":36},"end":{"line":55,"column":41}},"loc":{"start":{"line":55,"column":77},"end":{"line":59,"column":1}}},"4":{"name":"(anonymous_5)","decl":{"start":{"line":62,"column":36},"end":{"line":62,"column":41}},"loc":{"start":{"line":62,"column":57},"end":{"line":68,"column":1}}}},"branchMap":{"0":{"loc":{"start":{"line":8,"column":8},"end":{"line":10,"column":9}},"type":"if","locations":[{"start":{"line":8,"column":8},"end":{"line":10,"column":9}},{"start":{},"end":{}}]},"1":{"loc":{"start":{"line":26,"column":2},"end":{"line":28,"column":3}},"type":"if","locations":[{"start":{"line":26,"column":2},"end":{"line":28,"column":3}},{"start":{},"end":{}}]},"2":{"loc":{"start":{"line":44,"column":2},"end":{"line":46,"column":3}},"type":"if","locations":[{"start":{"line":44,"column":2},"end":{"line":46,"column":3}},{"start":{},"end":{}}]},"3":{"loc":{"start":{"line":44,"column":6},"end":{"line":44,"column":38}},"type":"binary-expr","locations":[{"start":{"line":44,"column":6},"end":{"line":44,"column":14}},{"start":{"line":44,"column":18},"end":{"line":44,"column":38}}]},"4":{"loc":{"start":{"line":64,"column":4},"end":{"line":66,"column":5}},"type":"if","locations":[{"start":{"line":64,"column":4},"end":{"line":66,"column":5}},{"start":{},"end":{}}]}},"s":{"0":4,"1":4,"2":4,"3":4,"4":1,"5":1,"6":1,"7":0,"8":4,"9":4,"10":1,"11":1,"12":0,"13":1,"14":4,"15":4,"16":3,"17":3,"18":2,"19":1,"20":4,"21":4,"22":1,"23":1,"24":4,"25":4,"26":1,"27":1,"28":1,"29":0,"30":4},"f":{"0":1,"1":1,"2":3,"3":1,"4":1},"b":{"0":[1,0],"1":[0,1],"2":[2,1],"3":[3,3],"4":[1,0]}}
,"C:\\Users\\Admin\\Desktop\\Teach2Give\\CAR DB\\src\\Car\\car.controller.ts": {"path":"C:\\Users\\Admin\\Desktop\\Teach2Give\\CAR DB\\src\\Car\\car.controller.ts","statementMap":{"0":{"start":{"line":4,"column":0},"end":{"line":4,"column":null}},"1":{"start":{"line":13,"column":35},"end":{"line":33,"column":1}},"2":{"start":{"line":14,"column":4},"end":{"line":31,"column":5}},"3":{"start":{"line":15,"column":20},"end":{"line":15,"column":28}},"4":{"start":{"line":18,"column":8},"end":{"line":20,"column":9}},"5":{"start":{"line":19,"column":12},"end":{"line":19,"column":64}},"6":{"start":{"line":22,"column":24},"end":{"line":22,"column":51}},"7":{"start":{"line":23,"column":8},"end":{"line":27,"column":9}},"8":{"start":{"line":24,"column":12},"end":{"line":24,"column":95}},"9":{"start":{"line":26,"column":12},"end":{"line":26,"column":77}},"10":{"start":{"line":30,"column":8},"end":{"line":30,"column":96}},"11":{"start":{"line":13,"column":13},"end":{"line":13,"column":35}},"12":{"start":{"line":36,"column":36},"end":{"line":46,"column":1}},"13":{"start":{"line":37,"column":4},"end":{"line":45,"column":5}},"14":{"start":{"line":38,"column":21},"end":{"line":38,"column":45}},"15":{"start":{"line":39,"column":8},"end":{"line":41,"column":9}},"16":{"start":{"line":40,"column":12},"end":{"line":40,"column":70}},"17":{"start":{"line":42,"column":8},"end":{"line":42,"column":92}},"18":{"start":{"line":44,"column":8},"end":{"line":44,"column":96}},"19":{"start":{"line":36,"column":13},"end":{"line":36,"column":36}},"20":{"start":{"line":49,"column":36},"end":{"line":66,"column":1}},"21":{"start":{"line":50,"column":4},"end":{"line":65,"column":5}},"22":{"start":{"line":51,"column":22},"end":{"line":51,"column":45}},"23":{"start":{"line":52,"column":8},"end":{"line":54,"column":9}},"24":{"start":{"line":53,"column":8},"end":{"line":53,"column":null}},"25":{"start":{"line":56,"column":20},"end":{"line":56,"column":43}},"26":{"start":{"line":57,"column":8},"end":{"line":59,"column":9}},"27":{"start":{"line":58,"column":12},"end":{"line":58,"column":68}},"28":{"start":{"line":61,"column":8},"end":{"line":61,"column":49}},"29":{"start":{"line":64,"column":8},"end":{"line":64,"column":60}},"30":{"start":{"line":49,"column":13},"end":{"line":49,"column":36}},"31":{"start":{"line":69,"column":35},"end":{"line":109,"column":1}},"32":{"start":{"line":70,"column":4},"end":{"line":108,"column":5}},"33":{"start":{"line":71,"column":22},"end":{"line":71,"column":45}},"34":{"start":{"line":72,"column":8},"end":{"line":74,"column":9}},"35":{"start":{"line":73,"column":12},"end":{"line":73,"column":71}},"36":{"start":{"line":76,"column":20},"end":{"line":76,"column":28}},"37":{"start":{"line":79,"column":8},"end":{"line":81,"column":9}},"38":{"start":{"line":80,"column":12},"end":{"line":80,"column":64}},"39":{"start":{"line":84,"column":28},"end":{"line":84,"column":51}},"40":{"start":{"line":85,"column":8},"end":{"line":87,"column":9}},"41":{"start":{"line":86,"column":12},"end":{"line":86,"column":70}},"42":{"start":{"line":90,"column":8},"end":{"line":92,"column":9}},"43":{"start":{"line":91,"column":12},"end":{"line":91,"column":79}},"44":{"start":{"line":96,"column":8},"end":{"line":96,"column":26}},"45":{"start":{"line":99,"column":27},"end":{"line":99,"column":61}},"46":{"start":{"line":100,"column":8},"end":{"line":104,"column":9}},"47":{"start":{"line":101,"column":12},"end":{"line":101,"column":99}},"48":{"start":{"line":103,"column":12},"end":{"line":103,"column":77}},"49":{"start":{"line":107,"column":8},"end":{"line":107,"column":96}},"50":{"start":{"line":69,"column":13},"end":{"line":69,"column":35}},"51":{"start":{"line":112,"column":35},"end":{"line":135,"column":1}},"52":{"start":{"line":113,"column":4},"end":{"line":134,"column":5}},"53":{"start":{"line":114,"column":22},"end":{"line":114,"column":45}},"54":{"start":{"line":115,"column":8},"end":{"line":117,"column":9}},"55":{"start":{"line":116,"column":12},"end":{"line":116,"column":71}},"56":{"start":{"line":119,"column":28},"end":{"line":119,"column":51}},"57":{"start":{"line":120,"column":8},"end":{"line":122,"column":9}},"58":{"start":{"line":121,"column":12},"end":{"line":121,"column":70}},"59":{"start":{"line":124,"column":24},"end":{"line":124,"column":53}},"60":{"start":{"line":125,"column":8},"end":{"line":128,"column":9}},"61":{"start":{"line":126,"column":12},"end":{"line":126,"column":null}},"62":{"start":{"line":127,"column":12},"end":{"line":127,"column":19}},"63":{"start":{"line":129,"column":8},"end":{"line":129,"column":77}},"64":{"start":{"line":133,"column":8},"end":{"line":133,"column":96}},"65":{"start":{"line":112,"column":13},"end":{"line":112,"column":35}}},"fnMap":{"0":{"name":"(anonymous_0)","decl":{"start":{"line":13,"column":35},"end":{"line":13,"column":40}},"loc":{"start":{"line":13,"column":73},"end":{"line":33,"column":1}}},"1":{"name":"(anonymous_1)","decl":{"start":{"line":36,"column":36},"end":{"line":36,"column":41}},"loc":{"start":{"line":36,"column":74},"end":{"line":46,"column":1}}},"2":{"name":"(anonymous_2)","decl":{"start":{"line":49,"column":36},"end":{"line":49,"column":41}},"loc":{"start":{"line":49,"column":74},"end":{"line":66,"column":1}}},"3":{"name":"(anonymous_3)","decl":{"start":{"line":69,"column":35},"end":{"line":69,"column":40}},"loc":{"start":{"line":69,"column":73},"end":{"line":109,"column":1}}},"4":{"name":"(anonymous_4)","decl":{"start":{"line":112,"column":35},"end":{"line":112,"column":40}},"loc":{"start":{"line":112,"column":73},"end":{"line":135,"column":1}}}},"branchMap":{"0":{"loc":{"start":{"line":18,"column":8},"end":{"line":20,"column":9}},"type":"if","locations":[{"start":{"line":18,"column":8},"end":{"line":20,"column":9}},{"start":{},"end":{}}]},"1":{"loc":{"start":{"line":23,"column":8},"end":{"line":27,"column":9}},"type":"if","locations":[{"start":{"line":23,"column":8},"end":{"line":27,"column":9}},{"start":{"line":25,"column":15},"end":{"line":27,"column":9}}]},"2":{"loc":{"start":{"line":39,"column":8},"end":{"line":41,"column":9}},"type":"if","locations":[{"start":{"line":39,"column":8},"end":{"line":41,"column":9}},{"start":{},"end":{}}]},"3":{"loc":{"start":{"line":52,"column":8},"end":{"line":54,"column":9}},"type":"if","locations":[{"start":{"line":52,"column":8},"end":{"line":54,"column":9}},{"start":{},"end":{}}]},"4":{"loc":{"start":{"line":57,"column":8},"end":{"line":59,"column":9}},"type":"if","locations":[{"start":{"line":57,"column":8},"end":{"line":59,"column":9}},{"start":{},"end":{}}]},"5":{"loc":{"start":{"line":72,"column":8},"end":{"line":74,"column":9}},"type":"if","locations":[{"start":{"line":72,"column":8},"end":{"line":74,"column":9}},{"start":{},"end":{}}]},"6":{"loc":{"start":{"line":79,"column":8},"end":{"line":81,"column":9}},"type":"if","locations":[{"start":{"line":79,"column":8},"end":{"line":81,"column":9}},{"start":{},"end":{}}]},"7":{"loc":{"start":{"line":85,"column":8},"end":{"line":87,"column":9}},"type":"if","locations":[{"start":{"line":85,"column":8},"end":{"line":87,"column":9}},{"start":{},"end":{}}]},"8":{"loc":{"start":{"line":90,"column":8},"end":{"line":92,"column":9}},"type":"if","locations":[{"start":{"line":90,"column":8},"end":{"line":92,"column":9}},{"start":{},"end":{}}]},"9":{"loc":{"start":{"line":100,"column":8},"end":{"line":104,"column":9}},"type":"if","locations":[{"start":{"line":100,"column":8},"end":{"line":104,"column":9}},{"start":{"line":102,"column":15},"end":{"line":104,"column":9}}]},"10":{"loc":{"start":{"line":115,"column":8},"end":{"line":117,"column":9}},"type":"if","locations":[{"start":{"line":115,"column":8},"end":{"line":117,"column":9}},{"start":{},"end":{}}]},"11":{"loc":{"start":{"line":120,"column":8},"end":{"line":122,"column":9}},"type":"if","locations":[{"start":{"line":120,"column":8},"end":{"line":122,"column":9}},{"start":{},"end":{}}]},"12":{"loc":{"start":{"line":125,"column":8},"end":{"line":128,"column":9}},"type":"if","locations":[{"start":{"line":125,"column":8},"end":{"line":128,"column":9}},{"start":{},"end":{}}]}},"s":{"0":4,"1":4,"2":1,"3":1,"4":1,"5":0,"6":1,"7":1,"8":1,"9":0,"10":0,"11":4,"12":4,"13":1,"14":1,"15":1,"16":0,"17":1,"18":0,"19":4,"20":4,"21":1,"22":1,"23":1,"24":0,"25":1,"26":1,"27":0,"28":1,"29":0,"30":4,"31":4,"32":1,"33":1,"34":1,"35":0,"36":1,"37":1,"38":0,"39":1,"40":1,"41":0,"42":1,"43":0,"44":1,"45":1,"46":1,"47":1,"48":0,"49":0,"50":4,"51":4,"52":1,"53":1,"54":1,"55":0,"56":1,"57":1,"58":0,"59":1,"60":1,"61":1,"62":1,"63":0,"64":0,"65":4},"f":{"0":1,"1":1,"2":1,"3":1,"4":1},"b":{"0":[0,1],"1":[1,0],"2":[0,1],"3":[0,1],"4":[0,1],"5":[0,1],"6":[0,1],"7":[0,1],"8":[0,1],"9":[1,0],"10":[0,1],"11":[0,1],"12":[1,0]}}
,"C:\\Users\\Admin\\Desktop\\Teach2Give\\CAR DB\\src\\Car\\car.router.ts": {"path":"C:\\Users\\Admin\\Desktop\\Teach2Give\\CAR DB\\src\\Car\\car.router.ts","statementMap":{"0":{"start":{"line":2,"column":0},"end":{"line":2,"column":null}},"1":{"start":{"line":10,"column":18},"end":{"line":55,"column":1}},"2":{"start":{"line":12,"column":2},"end":{"line":18,"column":5}},"3":{"start":{"line":13,"column":4},"end":{"line":17,"column":5}},"4":{"start":{"line":14,"column":6},"end":{"line":14,"column":42}},"5":{"start":{"line":16,"column":6},"end":{"line":16,"column":18}},"6":{"start":{"line":21,"column":2},"end":{"line":27,"column":5}},"7":{"start":{"line":22,"column":4},"end":{"line":26,"column":5}},"8":{"start":{"line":23,"column":6},"end":{"line":23,"column":43}},"9":{"start":{"line":25,"column":6},"end":{"line":25,"column":18}},"10":{"start":{"line":30,"column":2},"end":{"line":36,"column":5}},"11":{"start":{"line":31,"column":4},"end":{"line":35,"column":5}},"12":{"start":{"line":32,"column":6},"end":{"line":32,"column":43}},"13":{"start":{"line":34,"column":6},"end":{"line":34,"column":18}},"14":{"start":{"line":39,"column":2},"end":{"line":45,"column":5}},"15":{"start":{"line":40,"column":4},"end":{"line":44,"column":5}},"16":{"start":{"line":41,"column":6},"end":{"line":41,"column":42}},"17":{"start":{"line":43,"column":6},"end":{"line":43,"column":18}},"18":{"start":{"line":48,"column":2},"end":{"line":54,"column":5}},"19":{"start":{"line":49,"column":4},"end":{"line":53,"column":5}},"20":{"start":{"line":50,"column":6},"end":{"line":50,"column":42}},"21":{"start":{"line":52,"column":6},"end":{"line":52,"column":18}},"22":{"start":{"line":57,"column":0},"end":{"line":57,"column":25}}},"fnMap":{"0":{"name":"(anonymous_0)","decl":{"start":{"line":10,"column":18},"end":{"line":10,"column":19}},"loc":{"start":{"line":10,"column":35},"end":{"line":55,"column":1}}},"1":{"name":"(anonymous_1)","decl":{"start":{"line":12,"column":19},"end":{"line":12,"column":24}},"loc":{"start":{"line":12,"column":44},"end":{"line":18,"column":3}}},"2":{"name":"(anonymous_2)","decl":{"start":{"line":21,"column":18},"end":{"line":21,"column":23}},"loc":{"start":{"line":21,"column":43},"end":{"line":27,"column":3}}},"3":{"name":"(anonymous_3)","decl":{"start":{"line":30,"column":22},"end":{"line":30,"column":27}},"loc":{"start":{"line":30,"column":47},"end":{"line":36,"column":3}}},"4":{"name":"(anonymous_4)","decl":{"start":{"line":39,"column":22},"end":{"line":39,"column":27}},"loc":{"start":{"line":39,"column":47},"end":{"line":45,"column":3}}},"5":{"name":"(anonymous_5)","decl":{"start":{"line":48,"column":25},"end":{"line":48,"column":30}},"loc":{"start":{"line":48,"column":50},"end":{"line":54,"column":3}}}},"branchMap":{},"s":{"0":4,"1":4,"2":4,"3":1,"4":1,"5":0,"6":4,"7":1,"8":1,"9":0,"10":4,"11":1,"12":1,"13":0,"14":4,"15":1,"16":1,"17":0,"18":4,"19":1,"20":1,"21":0,"22":4},"f":{"0":4,"1":1,"2":1,"3":1,"4":1,"5":1},"b":{}}
,"C:\\Users\\Admin\\Desktop\\Teach2Give\\CAR DB\\src\\Car\\car.service.ts": {"path":"C:\\Users\\Admin\\Desktop\\Teach2Give\\CAR DB\\src\\Car\\car.service.ts","statementMap":{"0":{"start":{"line":1,"column":0},"end":{"line":1,"column":33}},"1":{"start":{"line":2,"column":0},"end":{"line":2,"column":31}},"2":{"start":{"line":3,"column":0},"end":{"line":3,"column":118}},"3":{"start":{"line":7,"column":32},"end":{"line":13,"column":1}},"4":{"start":{"line":8,"column":23},"end":{"line":8,"column":72}},"5":{"start":{"line":9,"column":8},"end":{"line":11,"column":9}},"6":{"start":{"line":10,"column":12},"end":{"line":10,"column":28}},"7":{"start":{"line":12,"column":8},"end":{"line":12,"column":20}},"8":{"start":{"line":7,"column":13},"end":{"line":7,"column":32}},"9":{"start":{"line":16,"column":32},"end":{"line":30,"column":1}},"10":{"start":{"line":17,"column":15},"end":{"line":24,"column":4}},"11":{"start":{"line":26,"column":2},"end":{"line":28,"column":3}},"12":{"start":{"line":27,"column":4},"end":{"line":27,"column":27}},"13":{"start":{"line":29,"column":2},"end":{"line":29,"column":14}},"14":{"start":{"line":16,"column":13},"end":{"line":16,"column":32}},"15":{"start":{"line":33,"column":26},"end":{"line":49,"column":1}},"16":{"start":{"line":34,"column":14},"end":{"line":42,"column":4}},"17":{"start":{"line":44,"column":2},"end":{"line":46,"column":3}},"18":{"start":{"line":45,"column":4},"end":{"line":45,"column":27}},"19":{"start":{"line":48,"column":2},"end":{"line":48,"column":13}},"20":{"start":{"line":33,"column":13},"end":{"line":33,"column":26}},"21":{"start":{"line":52,"column":32},"end":{"line":56,"column":1}},"22":{"start":{"line":53,"column":4},"end":{"line":53,"column":81}},"23":{"start":{"line":54,"column":4},"end":{"line":54,"column":37}},"24":{"start":{"line":52,"column":13},"end":{"line":52,"column":32}},"25":{"start":{"line":59,"column":32},"end":{"line":65,"column":1}},"26":{"start":{"line":60,"column":20},"end":{"line":60,"column":87}},"27":{"start":{"line":61,"column":4},"end":{"line":63,"column":5}},"28":{"start":{"line":62,"column":8},"end":{"line":62,"column":31}},"29":{"start":{"line":64,"column":4},"end":{"line":64,"column":38}},"30":{"start":{"line":59,"column":13},"end":{"line":59,"column":32}}},"fnMap":{"0":{"name":"(anonymous_1)","decl":{"start":{"line":7,"column":32},"end":{"line":7,"column":37}},"loc":{"start":{"line":7,"column":53},"end":{"line":13,"column":1}}},"1":{"name":"(anonymous_2)","decl":{"start":{"line":16,"column":32},"end":{"line":16,"column":37}},"loc":{"start":{"line":16,"column":43},"end":{"line":30,"column":1}}},"2":{"name":"(anonymous_3)","decl":{"start":{"line":33,"column":26},"end":{"line":33,"column":31}},"loc":{"start":{"line":33,"column":50},"end":{"line":49,"column":1}}},"3":{"name":"(anonymous_4)","decl":{"start":{"line":52,"column":32},"end":{"line":52,"column":37}},"loc":{"start":{"line":52,"column":65},"end":{"line":56,"column":1}}},"4":{"name":"(anonymous_5)","decl":{"start":{"line":59,"column":32},"end":{"line":59,"column":37}},"loc":{"start":{"line":59,"column":53},"end":{"line":65,"column":1}}}},"branchMap":{"0":{"loc":{"start":{"line":9,"column":8},"end":{"line":11,"column":9}},"type":"if","locations":[{"start":{"line":9,"column":8},"end":{"line":11,"column":9}},{"start":{},"end":{}}]},"1":{"loc":{"start":{"line":26,"column":2},"end":{"line":28,"column":3}},"type":"if","locations":[{"start":{"line":26,"column":2},"end":{"line":28,"column":3}},{"start":{},"end":{}}]},"2":{"loc":{"start":{"line":44,"column":2},"end":{"line":46,"column":3}},"type":"if","locations":[{"start":{"line":44,"column":2},"end":{"line":46,"column":3}},{"start":{},"end":{}}]},"3":{"loc":{"start":{"line":61,"column":4},"end":{"line":63,"column":5}},"type":"if","locations":[{"start":{"line":61,"column":4},"end":{"line":63,"column":5}},{"start":{},"end":{}}]}},"s":{"0":4,"1":4,"2":4,"3":4,"4":1,"5":1,"6":1,"7":0,"8":4,"9":4,"10":1,"11":1,"12":1,"13":0,"14":4,"15":4,"16":3,"17":3,"18":3,"19":0,"20":4,"21":4,"22":1,"23":1,"24":4,"25":4,"26":1,"27":1,"28":1,"29":0,"30":4},"f":{"0":1,"1":1,"2":3,"3":1,"4":1},"b":{"0":[1,0],"1":[1,0],"2":[3,0],"3":[1,0]}}
,"C:\\Users\\Admin\\Desktop\\Teach2Give\\CAR DB\\src\\Customer\\customer.controller.ts": {"path":"C:\\Users\\Admin\\Desktop\\Teach2Give\\CAR DB\\src\\Customer\\customer.controller.ts","statementMap":{"0":{"start":{"line":2,"column":0},"end":{"line":2,"column":155}},"1":{"start":{"line":6,"column":40},"end":{"line":21,"column":1}},"2":{"start":{"line":7,"column":4},"end":{"line":19,"column":5}},"3":{"start":{"line":8,"column":25},"end":{"line":8,"column":33}},"4":{"start":{"line":10,"column":29},"end":{"line":10,"column":66}},"5":{"start":{"line":11,"column":8},"end":{"line":15,"column":9}},"6":{"start":{"line":12,"column":12},"end":{"line":12,"column":105}},"7":{"start":{"line":14,"column":12},"end":{"line":14,"column":82}},"8":{"start":{"line":18,"column":8},"end":{"line":18,"column":96}},"9":{"start":{"line":6,"column":13},"end":{"line":6,"column":40}},"10":{"start":{"line":25,"column":41},"end":{"line":35,"column":1}},"11":{"start":{"line":26,"column":4},"end":{"line":34,"column":5}},"12":{"start":{"line":27,"column":26},"end":{"line":27,"column":55}},"13":{"start":{"line":28,"column":8},"end":{"line":30,"column":9}},"14":{"start":{"line":29,"column":12},"end":{"line":29,"column":75}},"15":{"start":{"line":31,"column":8},"end":{"line":31,"column":102}},"16":{"start":{"line":33,"column":8},"end":{"line":33,"column":96}},"17":{"start":{"line":25,"column":13},"end":{"line":25,"column":41}},"18":{"start":{"line":38,"column":41},"end":{"line":56,"column":1}},"19":{"start":{"line":39,"column":2},"end":{"line":55,"column":3}},"20":{"start":{"line":40,"column":23},"end":{"line":40,"column":46}},"21":{"start":{"line":42,"column":4},"end":{"line":44,"column":5}},"22":{"start":{"line":43,"column":6},"end":{"line":43,"column":61}},"23":{"start":{"line":46,"column":19},"end":{"line":46,"column":62}},"24":{"start":{"line":48,"column":4},"end":{"line":50,"column":5}},"25":{"start":{"line":49,"column":6},"end":{"line":49,"column":55}},"26":{"start":{"line":52,"column":4},"end":{"line":52,"column":50}},"27":{"start":{"line":54,"column":4},"end":{"line":54,"column":58}},"28":{"start":{"line":38,"column":13},"end":{"line":38,"column":41}},"29":{"start":{"line":63,"column":40},"end":{"line":103,"column":1}},"30":{"start":{"line":64,"column":4},"end":{"line":102,"column":5}},"31":{"start":{"line":65,"column":27},"end":{"line":65,"column":50}},"32":{"start":{"line":66,"column":8},"end":{"line":66,"column":null}},"33":{"start":{"line":67,"column":8},"end":{"line":69,"column":9}},"34":{"start":{"line":68,"column":12},"end":{"line":68,"column":76}},"35":{"start":{"line":71,"column":37},"end":{"line":71,"column":45}},"36":{"start":{"line":74,"column":33},"end":{"line":74,"column":76}},"37":{"start":{"line":75,"column":8},"end":{"line":75,"column":null}},"38":{"start":{"line":76,"column":8},"end":{"line":78,"column":9}},"39":{"start":{"line":77,"column":12},"end":{"line":77,"column":75}},"40":{"start":{"line":81,"column":8},"end":{"line":83,"column":9}},"41":{"start":{"line":82,"column":12},"end":{"line":82,"column":80}},"42":{"start":{"line":86,"column":8},"end":{"line":88,"column":9}},"43":{"start":{"line":87,"column":12},"end":{"line":87,"column":103}},"44":{"start":{"line":91,"column":8},"end":{"line":91,"column":41}},"45":{"start":{"line":92,"column":32},"end":{"line":92,"column":81}},"46":{"start":{"line":94,"column":8},"end":{"line":98,"column":9}},"47":{"start":{"line":95,"column":12},"end":{"line":95,"column":109}},"48":{"start":{"line":97,"column":12},"end":{"line":97,"column":82}},"49":{"start":{"line":101,"column":8},"end":{"line":101,"column":96}},"50":{"start":{"line":63,"column":13},"end":{"line":63,"column":40}},"51":{"start":{"line":106,"column":40},"end":{"line":126,"column":1}},"52":{"start":{"line":107,"column":4},"end":{"line":125,"column":5}},"53":{"start":{"line":108,"column":27},"end":{"line":108,"column":50}},"54":{"start":{"line":109,"column":8},"end":{"line":111,"column":9}},"55":{"start":{"line":110,"column":12},"end":{"line":110,"column":76}},"56":{"start":{"line":113,"column":33},"end":{"line":113,"column":76}},"57":{"start":{"line":114,"column":8},"end":{"line":116,"column":9}},"58":{"start":{"line":115,"column":12},"end":{"line":115,"column":75}},"59":{"start":{"line":118,"column":24},"end":{"line":118,"column":63}},"60":{"start":{"line":119,"column":8},"end":{"line":121,"column":9}},"61":{"start":{"line":120,"column":12},"end":{"line":120,"column":null}},"62":{"start":{"line":121,"column":10},"end":{"line":121,"column":81}},"63":{"start":{"line":124,"column":8},"end":{"line":124,"column":96}},"64":{"start":{"line":106,"column":13},"end":{"line":106,"column":40}}},"fnMap":{"0":{"name":"(anonymous_0)","decl":{"start":{"line":6,"column":40},"end":{"line":6,"column":45}},"loc":{"start":{"line":6,"column":78},"end":{"line":21,"column":1}}},"1":{"name":"(anonymous_1)","decl":{"start":{"line":25,"column":41},"end":{"line":25,"column":46}},"loc":{"start":{"line":25,"column":79},"end":{"line":35,"column":1}}},"2":{"name":"(anonymous_2)","decl":{"start":{"line":38,"column":41},"end":{"line":38,"column":46}},"loc":{"start":{"line":38,"column":79},"end":{"line":56,"column":1}}},"3":{"name":"(anonymous_3)","decl":{"start":{"line":63,"column":40},"end":{"line":63,"column":45}},"loc":{"start":{"line":63,"column":78},"end":{"line":103,"column":1}}},"4":{"name":"(anonymous_4)","decl":{"start":{"line":106,"column":40},"end":{"line":106,"column":45}},"loc":{"start":{"line":106,"column":78},"end":{"line":126,"column":1}}}},"branchMap":{"0":{"loc":{"start":{"line":11,"column":8},"end":{"line":15,"column":9}},"type":"if","locations":[{"start":{"line":11,"column":8},"end":{"line":15,"column":9}},{"start":{"line":13,"column":15},"end":{"line":15,"column":9}}]},"1":{"loc":{"start":{"line":28,"column":8},"end":{"line":30,"column":9}},"type":"if","locations":[{"start":{"line":28,"column":8},"end":{"line":30,"column":9}},{"start":{},"end":{}}]},"2":{"loc":{"start":{"line":42,"column":4},"end":{"line":44,"column":5}},"type":"if","locations":[{"start":{"line":42,"column":4},"end":{"line":44,"column":5}},{"start":{},"end":{}}]},"3":{"loc":{"start":{"line":48,"column":4},"end":{"line":50,"column":5}},"type":"if","locations":[{"start":{"line":48,"column":4},"end":{"line":50,"column":5}},{"start":{},"end":{}}]},"4":{"loc":{"start":{"line":67,"column":8},"end":{"line":69,"column":9}},"type":"if","locations":[{"start":{"line":67,"column":8},"end":{"line":69,"column":9}},{"start":{},"end":{}}]},"5":{"loc":{"start":{"line":76,"column":8},"end":{"line":78,"column":9}},"type":"if","locations":[{"start":{"line":76,"column":8},"end":{"line":78,"column":9}},{"start":{},"end":{}}]},"6":{"loc":{"start":{"line":81,"column":8},"end":{"line":83,"column":9}},"type":"if","locations":[{"start":{"line":81,"column":8},"end":{"line":83,"column":9}},{"start":{},"end":{}}]},"7":{"loc":{"start":{"line":86,"column":8},"end":{"line":88,"column":9}},"type":"if","locations":[{"start":{"line":86,"column":8},"end":{"line":88,"column":9}},{"start":{},"end":{}}]},"8":{"loc":{"start":{"line":94,"column":8},"end":{"line":98,"column":9}},"type":"if","locations":[{"start":{"line":94,"column":8},"end":{"line":98,"column":9}},{"start":{"line":96,"column":15},"end":{"line":98,"column":9}}]},"9":{"loc":{"start":{"line":109,"column":8},"end":{"line":111,"column":9}},"type":"if","locations":[{"start":{"line":109,"column":8},"end":{"line":111,"column":9}},{"start":{},"end":{}}]},"10":{"loc":{"start":{"line":114,"column":8},"end":{"line":116,"column":9}},"type":"if","locations":[{"start":{"line":114,"column":8},"end":{"line":116,"column":9}},{"start":{},"end":{}}]},"11":{"loc":{"start":{"line":119,"column":8},"end":{"line":121,"column":9}},"type":"if","locations":[{"start":{"line":119,"column":8},"end":{"line":121,"column":9}},{"start":{},"end":{}}]}},"s":{"0":4,"1":4,"2":1,"3":1,"4":1,"5":1,"6":1,"7":0,"8":0,"9":4,"10":4,"11":1,"12":1,"13":1,"14":0,"15":1,"16":0,"17":4,"18":4,"19":2,"20":2,"21":2,"22":1,"23":1,"24":1,"25":0,"26":1,"27":0,"28":4,"29":4,"30":1,"31":1,"32":1,"33":1,"34":0,"35":1,"36":1,"37":1,"38":1,"39":0,"40":1,"41":0,"42":1,"43":0,"44":1,"45":1,"46":1,"47":1,"48":0,"49":0,"50":4,"51":4,"52":1,"53":1,"54":1,"55":0,"56":1,"57":1,"58":0,"59":1,"60":1,"61":0,"62":1,"63":1,"64":4},"f":{"0":1,"1":1,"2":2,"3":1,"4":1},"b":{"0":[1,0],"1":[0,1],"2":[1,1],"3":[0,1],"4":[0,1],"5":[0,1],"6":[0,1],"7":[0,1],"8":[1,0],"9":[0,1],"10":[0,1],"11":[0,1]}}
,"C:\\Users\\Admin\\Desktop\\Teach2Give\\CAR DB\\src\\Customer\\customer.router.ts": {"path":"C:\\Users\\Admin\\Desktop\\Teach2Give\\CAR DB\\src\\Customer\\customer.router.ts","statementMap":{"0":{"start":{"line":2,"column":0},"end":{"line":2,"column":171}},"1":{"start":{"line":5,"column":23},"end":{"line":71,"column":1}},"2":{"start":{"line":8,"column":2},"end":{"line":17,"column":null}},"3":{"start":{"line":10,"column":14},"end":{"line":15,"column":15}},"4":{"start":{"line":11,"column":18},"end":{"line":11,"column":null}},"5":{"start":{"line":13,"column":18},"end":{"line":13,"column":null}},"6":{"start":{"line":21,"column":2},"end":{"line":31,"column":null}},"7":{"start":{"line":24,"column":14},"end":{"line":29,"column":15}},"8":{"start":{"line":25,"column":18},"end":{"line":25,"column":null}},"9":{"start":{"line":27,"column":18},"end":{"line":27,"column":null}},"10":{"start":{"line":34,"column":0},"end":{"line":44,"column":null}},"11":{"start":{"line":37,"column":12},"end":{"line":42,"column":13}},"12":{"start":{"line":38,"column":16},"end":{"line":38,"column":null}},"13":{"start":{"line":40,"column":16},"end":{"line":40,"column":null}},"14":{"start":{"line":47,"column":2},"end":{"line":57,"column":null}},"15":{"start":{"line":50,"column":14},"end":{"line":55,"column":15}},"16":{"start":{"line":51,"column":18},"end":{"line":51,"column":null}},"17":{"start":{"line":53,"column":18},"end":{"line":53,"column":null}},"18":{"start":{"line":60,"column":2},"end":{"line":69,"column":null}},"19":{"start":{"line":62,"column":10},"end":{"line":67,"column":11}},"20":{"start":{"line":63,"column":14},"end":{"line":63,"column":null}},"21":{"start":{"line":65,"column":14},"end":{"line":65,"column":null}},"22":{"start":{"line":73,"column":0},"end":{"line":73,"column":30}}},"fnMap":{"0":{"name":"(anonymous_0)","decl":{"start":{"line":5,"column":23},"end":{"line":5,"column":24}},"loc":{"start":{"line":5,"column":40},"end":{"line":71,"column":1}}},"1":{"name":"(anonymous_1)","decl":{"start":{"line":9,"column":10},"end":{"line":9,"column":15}},"loc":{"start":{"line":9,"column":34},"end":{"line":16,"column":11}}},"2":{"name":"(anonymous_2)","decl":{"start":{"line":23,"column":10},"end":{"line":23,"column":15}},"loc":{"start":{"line":23,"column":34},"end":{"line":30,"column":11}}},"3":{"name":"(anonymous_3)","decl":{"start":{"line":36,"column":8},"end":{"line":36,"column":13}},"loc":{"start":{"line":36,"column":32},"end":{"line":43,"column":9}}},"4":{"name":"(anonymous_4)","decl":{"start":{"line":49,"column":10},"end":{"line":49,"column":15}},"loc":{"start":{"line":49,"column":34},"end":{"line":56,"column":11}}},"5":{"name":"(anonymous_5)","decl":{"start":{"line":61,"column":6},"end":{"line":61,"column":11}},"loc":{"start":{"line":61,"column":30},"end":{"line":68,"column":7}}}},"branchMap":{},"s":{"0":4,"1":4,"2":4,"3":1,"4":1,"5":0,"6":4,"7":1,"8":1,"9":0,"10":4,"11":2,"12":2,"13":0,"14":4,"15":1,"16":1,"17":0,"18":4,"19":1,"20":1,"21":1,"22":4},"f":{"0":4,"1":1,"2":1,"3":2,"4":1,"5":1},"b":{}}
,"C:\\Users\\Admin\\Desktop\\Teach2Give\\CAR DB\\src\\Customer\\customer.service.ts": {"path":"C:\\Users\\Admin\\Desktop\\Teach2Give\\CAR DB\\src\\Customer\\customer.service.ts","statementMap":{"0":{"start":{"line":2,"column":0},"end":{"line":2,"column":33}},"1":{"start":{"line":3,"column":0},"end":{"line":3,"column":31}},"2":{"start":{"line":4,"column":0},"end":{"line":4,"column":80}},"3":{"start":{"line":9,"column":37},"end":{"line":15,"column":1}},"4":{"start":{"line":10,"column":23},"end":{"line":10,"column":82}},"5":{"start":{"line":11,"column":8},"end":{"line":13,"column":9}},"6":{"start":{"line":12,"column":12},"end":{"line":12,"column":28}},"7":{"start":{"line":14,"column":8},"end":{"line":14,"column":20}},"8":{"start":{"line":9,"column":13},"end":{"line":9,"column":37}},"9":{"start":{"line":18,"column":37},"end":{"line":30,"column":1}},"10":{"start":{"line":19,"column":20},"end":{"line":23,"column":4}},"11":{"start":{"line":25,"column":2},"end":{"line":27,"column":3}},"12":{"start":{"line":26,"column":4},"end":{"line":26,"column":32}},"13":{"start":{"line":29,"column":2},"end":{"line":29,"column":19}},"14":{"start":{"line":18,"column":13},"end":{"line":18,"column":37}},"15":{"start":{"line":33,"column":41},"end":{"line":46,"column":1}},"16":{"start":{"line":34,"column":19},"end":{"line":39,"column":4}},"17":{"start":{"line":41,"column":2},"end":{"line":43,"column":3}},"18":{"start":{"line":42,"column":4},"end":{"line":42,"column":32}},"19":{"start":{"line":45,"column":2},"end":{"line":45,"column":18}},"20":{"start":{"line":33,"column":13},"end":{"line":33,"column":41}},"21":{"start":{"line":50,"column":37},"end":{"line":58,"column":1}},"22":{"start":{"line":51,"column":22},"end":{"line":55,"column":20}},"23":{"start":{"line":57,"column":4},"end":{"line":57,"column":19}},"24":{"start":{"line":50,"column":13},"end":{"line":50,"column":37}},"25":{"start":{"line":61,"column":37},"end":{"line":67,"column":1}},"26":{"start":{"line":62,"column":20},"end":{"line":62,"column":102}},"27":{"start":{"line":63,"column":4},"end":{"line":65,"column":5}},"28":{"start":{"line":64,"column":8},"end":{"line":64,"column":36}},"29":{"start":{"line":66,"column":4},"end":{"line":66,"column":43}},"30":{"start":{"line":61,"column":13},"end":{"line":61,"column":37}}},"fnMap":{"0":{"name":"(anonymous_1)","decl":{"start":{"line":9,"column":37},"end":{"line":9,"column":42}},"loc":{"start":{"line":9,"column":68},"end":{"line":15,"column":1}}},"1":{"name":"(anonymous_2)","decl":{"start":{"line":18,"column":37},"end":{"line":18,"column":42}},"loc":{"start":{"line":18,"column":48},"end":{"line":30,"column":1}}},"2":{"name":"(anonymous_3)","decl":{"start":{"line":33,"column":41},"end":{"line":33,"column":46}},"loc":{"start":{"line":33,"column":70},"end":{"line":46,"column":1}}},"3":{"name":"(anonymous_4)","decl":{"start":{"line":50,"column":37},"end":{"line":50,"column":42}},"loc":{"start":{"line":50,"column":80},"end":{"line":58,"column":1}}},"4":{"name":"(anonymous_5)","decl":{"start":{"line":61,"column":37},"end":{"line":61,"column":42}},"loc":{"start":{"line":61,"column":58},"end":{"line":67,"column":1}}}},"branchMap":{"0":{"loc":{"start":{"line":11,"column":8},"end":{"line":13,"column":9}},"type":"if","locations":[{"start":{"line":11,"column":8},"end":{"line":13,"column":9}},{"start":{},"end":{}}]},"1":{"loc":{"start":{"line":25,"column":2},"end":{"line":27,"column":3}},"type":"if","locations":[{"start":{"line":25,"column":2},"end":{"line":27,"column":3}},{"start":{},"end":{}}]},"2":{"loc":{"start":{"line":41,"column":2},"end":{"line":43,"column":3}},"type":"if","locations":[{"start":{"line":41,"column":2},"end":{"line":43,"column":3}},{"start":{},"end":{}}]},"3":{"loc":{"start":{"line":63,"column":4},"end":{"line":65,"column":5}},"type":"if","locations":[{"start":{"line":63,"column":4},"end":{"line":65,"column":5}},{"start":{},"end":{}}]}},"s":{"0":4,"1":4,"2":4,"3":4,"4":1,"5":1,"6":1,"7":0,"8":4,"9":4,"10":1,"11":1,"12":0,"13":1,"14":4,"15":4,"16":3,"17":3,"18":0,"19":3,"20":4,"21":4,"22":1,"23":1,"24":4,"25":4,"26":1,"27":1,"28":0,"29":1,"30":4},"f":{"0":1,"1":1,"2":3,"3":1,"4":1},"b":{"0":[1,0],"1":[0,1],"2":[0,3],"3":[0,1]}}
,"C:\\Users\\Admin\\Desktop\\Teach2Give\\CAR DB\\src\\Drizzle\\db.ts": {"path":"C:\\Users\\Admin\\Desktop\\Teach2Give\\CAR DB\\src\\Drizzle\\db.ts","statementMap":{"0":{"start":{"line":1,"column":0},"end":{"line":1,"column":23}},"1":{"start":{"line":3,"column":0},"end":{"line":3,"column":52}},"2":{"start":{"line":4,"column":0},"end":{"line":4,"column":27}},"3":{"start":{"line":5,"column":0},"end":{"line":5,"column":35}},"4":{"start":{"line":7,"column":13},"end":{"line":9,"column":3}},"5":{"start":{"line":11,"column":13},"end":{"line":13,"column":1}},"6":{"start":{"line":12,"column":4},"end":{"line":12,"column":null}},"7":{"start":{"line":14,"column":0},"end":{"line":19,"column":3}},"8":{"start":{"line":15,"column":4},"end":{"line":15,"column":45}},"9":{"start":{"line":17,"column":4},"end":{"line":17,"column":62}},"10":{"start":{"line":18,"column":4},"end":{"line":18,"column":20}},"11":{"start":{"line":21,"column":11},"end":{"line":21,"column":52}},"12":{"start":{"line":22,"column":0},"end":{"line":22,"column":18}}},"fnMap":{"0":{"name":"(anonymous_9)","decl":{"start":{"line":11,"column":13},"end":{"line":11,"column":18}},"loc":{"start":{"line":11,"column":24},"end":{"line":13,"column":1}}},"1":{"name":"(anonymous_10)","decl":{"start":{"line":14,"column":12},"end":{"line":14,"column":15}},"loc":{"start":{"line":14,"column":17},"end":{"line":16,"column":1}}},"2":{"name":"(anonymous_11)","decl":{"start":{"line":16,"column":9},"end":{"line":16,"column":10}},"loc":{"start":{"line":16,"column":19},"end":{"line":19,"column":1}}}},"branchMap":{},"s":{"0":4,"1":4,"2":4,"3":4,"4":4,"5":4,"6":4,"7":4,"8":4,"9":0,"10":0,"11":4,"12":4},"f":{"0":4,"1":4,"2":0},"b":{}}
,"C:\\Users\\Admin\\Desktop\\Teach2Give\\CAR DB\\src\\Drizzle\\migrate.ts": {"path":"C:\\Users\\Admin\\Desktop\\Teach2Give\\CAR DB\\src\\Drizzle\\migrate.ts","statementMap":{"0":{"start":{"line":1,"column":0},"end":{"line":1,"column":23}},"1":{"start":{"line":2,"column":0},"end":{"line":2,"column":61}},"2":{"start":{"line":4,"column":0},"end":{"line":4,"column":34}},"3":{"start":{"line":7,"column":4},"end":{"line":7,"column":44}},"4":{"start":{"line":8,"column":4},"end":{"line":8,"column":71}},"5":{"start":{"line":9,"column":4},"end":{"line":9,"column":23}},"6":{"start":{"line":10,"column":4},"end":{"line":10,"column":72}},"7":{"start":{"line":11,"column":4},"end":{"line":11,"column":20}},"8":{"start":{"line":14,"column":0},"end":{"line":17,"column":3}},"9":{"start":{"line":15,"column":4},"end":{"line":15,"column":46}},"10":{"start":{"line":16,"column":4},"end":{"line":16,"column":20}}},"fnMap":{"0":{"name":"migration","decl":{"start":{"line":6,"column":15},"end":{"line":6,"column":24}},"loc":{"start":{"line":6,"column":24},"end":{"line":12,"column":1}}},"1":{"name":"(anonymous_10)","decl":{"start":{"line":14,"column":18},"end":{"line":14,"column":19}},"loc":{"start":{"line":14,"column":28},"end":{"line":17,"column":1}}}},"branchMap":{},"s":{"0":0,"1":0,"2":0,"3":0,"4":0,"5":0,"6":0,"7":0,"8":0,"9":0,"10":0},"f":{"0":0,"1":0},"b":{}}
,"C:\\Users\\Admin\\Desktop\\Teach2Give\\CAR DB\\src\\Drizzle\\schema.ts": {"path":"C:\\Users\\Admin\\Desktop\\Teach2Give\\CAR DB\\src\\Drizzle\\schema.ts","statementMap":{"0":{"start":{"line":3,"column":0},"end":{"line":3,"column":40}},"1":{"start":{"line":4,"column":0},"end":{"line":4,"column":99}},"2":{"start":{"line":7,"column":13},"end":{"line":18,"column":3}},"3":{"start":{"line":22,"column":13},"end":{"line":28,"column":3}},"4":{"start":{"line":24,"column":56},"end":{"line":24,"column":70}},"5":{"start":{"line":31,"column":13},"end":{"line":39,"column":3}},"6":{"start":{"line":42,"column":13},"end":{"line":49,"column":3}},"7":{"start":{"line":44,"column":66},"end":{"line":44,"column":90}},"8":{"start":{"line":45,"column":56},"end":{"line":45,"column":70}},"9":{"start":{"line":52,"column":13},"end":{"line":59,"column":3}},"10":{"start":{"line":54,"column":66},"end":{"line":54,"column":90}},"11":{"start":{"line":55,"column":56},"end":{"line":55,"column":70}},"12":{"start":{"line":62,"column":13},"end":{"line":68,"column":3}},"13":{"start":{"line":64,"column":64},"end":{"line":64,"column":86}},"14":{"start":{"line":71,"column":13},"end":{"line":77,"column":3}},"15":{"start":{"line":73,"column":56},"end":{"line":73,"column":70}},"16":{"start":{"line":80,"column":13},"end":{"line":87,"column":3}},"17":{"start":{"line":82,"column":56},"end":{"line":82,"column":70}},"18":{"start":{"line":93,"column":13},"end":{"line":96,"column":4}},"19":{"start":{"line":93,"column":71},"end":{"line":96,"column":2}},"20":{"start":{"line":99,"column":13},"end":{"line":101,"column":4}},"21":{"start":{"line":99,"column":71},"end":{"line":101,"column":2}},"22":{"start":{"line":104,"column":13},"end":{"line":114,"column":4}},"23":{"start":{"line":104,"column":66},"end":{"line":114,"column":2}},"24":{"start":{"line":117,"column":13},"end":{"line":126,"column":4}},"25":{"start":{"line":117,"column":76},"end":{"line":126,"column":2}},"26":{"start":{"line":129,"column":13},"end":{"line":139,"column":4}},"27":{"start":{"line":129,"column":74},"end":{"line":139,"column":2}},"28":{"start":{"line":142,"column":13},"end":{"line":147,"column":4}},"29":{"start":{"line":142,"column":68},"end":{"line":147,"column":2}},"30":{"start":{"line":150,"column":13},"end":{"line":155,"column":4}},"31":{"start":{"line":150,"column":76},"end":{"line":155,"column":2}},"32":{"start":{"line":158,"column":13},"end":{"line":163,"column":null}},"33":{"start":{"line":158,"column":72},"end":{"line":163,"column":2}}},"fnMap":{"0":{"name":"(anonymous_0)","decl":{"start":{"line":24,"column":50},"end":{"line":24,"column":53}},"loc":{"start":{"line":24,"column":56},"end":{"line":24,"column":70}}},"1":{"name":"(anonymous_1)","decl":{"start":{"line":44,"column":60},"end":{"line":44,"column":63}},"loc":{"start":{"line":44,"column":66},"end":{"line":44,"column":90}}},"2":{"name":"(anonymous_2)","decl":{"start":{"line":45,"column":50},"end":{"line":45,"column":53}},"loc":{"start":{"line":45,"column":56},"end":{"line":45,"column":70}}},"3":{"name":"(anonymous_3)","decl":{"start":{"line":54,"column":60},"end":{"line":54,"column":63}},"loc":{"start":{"line":54,"column":66},"end":{"line":54,"column":90}}},"4":{"name":"(anonymous_4)","decl":{"start":{"line":55,"column":50},"end":{"line":55,"column":53}},"loc":{"start":{"line":55,"column":56},"end":{"line":55,"column":70}}},"5":{"name":"(anonymous_5)","decl":{"start":{"line":64,"column":58},"end":{"line":64,"column":61}},"loc":{"start":{"line":64,"column":64},"end":{"line":64,"column":86}}},"6":{"name":"(anonymous_6)","decl":{"start":{"line":73,"column":50},"end":{"line":73,"column":53}},"loc":{"start":{"line":73,"column":56},"end":{"line":73,"column":70}}},"7":{"name":"(anonymous_7)","decl":{"start":{"line":82,"column":50},"end":{"line":82,"column":53}},"loc":{"start":{"line":82,"column":56},"end":{"line":82,"column":70}}},"8":{"name":"(anonymous_8)","decl":{"start":{"line":93,"column":58},"end":{"line":93,"column":59}},"loc":{"start":{"line":93,"column":71},"end":{"line":96,"column":2}}},"9":{"name":"(anonymous_9)","decl":{"start":{"line":99,"column":58},"end":{"line":99,"column":59}},"loc":{"start":{"line":99,"column":71},"end":{"line":101,"column":2}}},"10":{"name":"(anonymous_10)","decl":{"start":{"line":104,"column":48},"end":{"line":104,"column":49}},"loc":{"start":{"line":104,"column":66},"end":{"line":114,"column":2}}},"11":{"name":"(anonymous_11)","decl":{"start":{"line":117,"column":64},"end":{"line":117,"column":65}},"loc":{"start":{"line":117,"column":76},"end":{"line":126,"column":2}}},"12":{"name":"(anonymous_12)","decl":{"start":{"line":129,"column":56},"end":{"line":129,"column":57}},"loc":{"start":{"line":129,"column":74},"end":{"line":139,"column":2}}},"13":{"name":"(anonymous_13)","decl":{"start":{"line":142,"column":56},"end":{"line":142,"column":57}},"loc":{"start":{"line":142,"column":68},"end":{"line":147,"column":2}}},"14":{"name":"(anonymous_14)","decl":{"start":{"line":150,"column":64},"end":{"line":150,"column":65}},"loc":{"start":{"line":150,"column":76},"end":{"line":155,"column":2}}},"15":{"name":"(anonymous_15)","decl":{"start":{"line":158,"column":60},"end":{"line":158,"column":61}},"loc":{"start":{"line":158,"column":72},"end":{"line":163,"column":2}}}},"branchMap":{},"s":{"0":4,"1":4,"2":4,"3":4,"4":0,"5":4,"6":4,"7":0,"8":0,"9":4,"10":0,"11":0,"12":4,"13":0,"14":4,"15":0,"16":4,"17":0,"18":4,"19":4,"20":4,"21":4,"22":4,"23":4,"24":4,"25":4,"26":4,"27":4,"28":4,"29":4,"30":4,"31":4,"32":4,"33":4},"f":{"0":0,"1":0,"2":0,"3":0,"4":0,"5":0,"6":0,"7":0,"8":4,"9":4,"10":4,"11":4,"12":4,"13":4,"14":4,"15":4},"b":{}}
,"C:\\Users\\Admin\\Desktop\\Teach2Give\\CAR DB\\src\\Drizzle\\seed.ts": {"path":"C:\\Users\\Admin\\Desktop\\Teach2Give\\CAR DB\\src\\Drizzle\\seed.ts","statementMap":{"0":{"start":{"line":2,"column":0},"end":{"line":2,"column":23}},"1":{"start":{"line":3,"column":0},"end":{"line":3,"column":null}},"2":{"start":{"line":16,"column":2},"end":{"line":23,"column":5}},"3":{"start":{"line":26,"column":2},"end":{"line":32,"column":5}},"4":{"start":{"line":35,"column":2},"end":{"line":41,"column":5}},"5":{"start":{"line":44,"column":1},"end":{"line":50,"column":null}},"6":{"start":{"line":53,"column":2},"end":{"line":59,"column":5}},"7":{"start":{"line":62,"column":2},"end":{"line":68,"column":5}},"8":{"start":{"line":71,"column":2},"end":{"line":77,"column":5}},"9":{"start":{"line":80,"column":2},"end":{"line":86,"column":5}},"10":{"start":{"line":88,"column":2},"end":{"line":88,"column":46}},"11":{"start":{"line":89,"column":2},"end":{"line":89,"column":18}},"12":{"start":{"line":92,"column":0},"end":{"line":95,"column":3}},"13":{"start":{"line":93,"column":2},"end":{"line":93,"column":50}},"14":{"start":{"line":94,"column":2},"end":{"line":94,"column":18}}},"fnMap":{"0":{"name":"seed","decl":{"start":{"line":14,"column":15},"end":{"line":14,"column":19}},"loc":{"start":{"line":14,"column":19},"end":{"line":90,"column":1}}},"1":{"name":"(anonymous_2)","decl":{"start":{"line":92,"column":13},"end":{"line":92,"column":14}},"loc":{"start":{"line":92,"column":23},"end":{"line":95,"column":1}}}},"branchMap":{},"s":{"0":0,"1":0,"2":0,"3":0,"4":0,"5":0,"6":0,"7":0,"8":0,"9":0,"10":0,"11":0,"12":0,"13":0,"14":0},"f":{"0":0,"1":0},"b":{}}
,"C:\\Users\\Admin\\Desktop\\Teach2Give\\CAR DB\\src\\Insurance\\insurance.controller.ts": {"path":"C:\\Users\\Admin\\Desktop\\Teach2Give\\CAR DB\\src\\Insurance\\insurance.controller.ts","statementMap":{"0":{"start":{"line":3,"column":0},"end":{"line":3,"column":151}},"1":{"start":{"line":6,"column":41},"end":{"line":31,"column":1}},"2":{"start":{"line":7,"column":4},"end":{"line":29,"column":5}},"3":{"start":{"line":8,"column":26},"end":{"line":8,"column":34}},"4":{"start":{"line":11,"column":8},"end":{"line":13,"column":9}},"5":{"start":{"line":12,"column":12},"end":{"line":12,"column":64}},"6":{"start":{"line":16,"column":8},"end":{"line":18,"column":9}},"7":{"start":{"line":17,"column":12},"end":{"line":17,"column":60}},"8":{"start":{"line":20,"column":30},"end":{"line":20,"column":69}},"9":{"start":{"line":21,"column":8},"end":{"line":25,"column":9}},"10":{"start":{"line":22,"column":12},"end":{"line":22,"column":107}},"11":{"start":{"line":24,"column":12},"end":{"line":24,"column":83}},"12":{"start":{"line":28,"column":8},"end":{"line":28,"column":96}},"13":{"start":{"line":6,"column":13},"end":{"line":6,"column":41}},"14":{"start":{"line":34,"column":42},"end":{"line":44,"column":1}},"15":{"start":{"line":35,"column":4},"end":{"line":43,"column":5}},"16":{"start":{"line":36,"column":27},"end":{"line":36,"column":57}},"17":{"start":{"line":37,"column":8},"end":{"line":39,"column":9}},"18":{"start":{"line":38,"column":12},"end":{"line":38,"column":76}},"19":{"start":{"line":40,"column":8},"end":{"line":40,"column":104}},"20":{"start":{"line":42,"column":8},"end":{"line":42,"column":96}},"21":{"start":{"line":34,"column":13},"end":{"line":34,"column":42}},"22":{"start":{"line":47,"column":42},"end":{"line":64,"column":1}},"23":{"start":{"line":48,"column":4},"end":{"line":63,"column":5}},"24":{"start":{"line":49,"column":28},"end":{"line":49,"column":51}},"25":{"start":{"line":50,"column":8},"end":{"line":52,"column":9}},"26":{"start":{"line":51,"column":8},"end":{"line":51,"column":null}},"27":{"start":{"line":54,"column":26},"end":{"line":54,"column":61}},"28":{"start":{"line":55,"column":8},"end":{"line":57,"column":9}},"29":{"start":{"line":56,"column":12},"end":{"line":56,"column":74}},"30":{"start":{"line":59,"column":8},"end":{"line":59,"column":55}},"31":{"start":{"line":62,"column":8},"end":{"line":62,"column":60}},"32":{"start":{"line":47,"column":13},"end":{"line":47,"column":42}},"33":{"start":{"line":67,"column":41},"end":{"line":116,"column":1}},"34":{"start":{"line":68,"column":4},"end":{"line":115,"column":5}},"35":{"start":{"line":69,"column":28},"end":{"line":69,"column":51}},"36":{"start":{"line":70,"column":8},"end":{"line":72,"column":9}},"37":{"start":{"line":71,"column":12},"end":{"line":71,"column":77}},"38":{"start":{"line":74,"column":26},"end":{"line":74,"column":34}},"39":{"start":{"line":77,"column":8},"end":{"line":79,"column":9}},"40":{"start":{"line":78,"column":12},"end":{"line":78,"column":64}},"41":{"start":{"line":82,"column":8},"end":{"line":84,"column":9}},"42":{"start":{"line":83,"column":12},"end":{"line":83,"column":60}},"43":{"start":{"line":87,"column":34},"end":{"line":87,"column":69}},"44":{"start":{"line":88,"column":8},"end":{"line":90,"column":9}},"45":{"start":{"line":89,"column":12},"end":{"line":89,"column":76}},"46":{"start":{"line":93,"column":8},"end":{"line":95,"column":9}},"47":{"start":{"line":94,"column":12},"end":{"line":94,"column":81}},"48":{"start":{"line":98,"column":8},"end":{"line":100,"column":9}},"49":{"start":{"line":99,"column":12},"end":{"line":99,"column":104}},"50":{"start":{"line":103,"column":8},"end":{"line":103,"column":44}},"51":{"start":{"line":106,"column":33},"end":{"line":106,"column":85}},"52":{"start":{"line":107,"column":8},"end":{"line":111,"column":9}},"53":{"start":{"line":108,"column":12},"end":{"line":108,"column":111}},"54":{"start":{"line":110,"column":12},"end":{"line":110,"column":83}},"55":{"start":{"line":114,"column":8},"end":{"line":114,"column":96}},"56":{"start":{"line":67,"column":13},"end":{"line":67,"column":41}},"57":{"start":{"line":119,"column":41},"end":{"line":139,"column":1}},"58":{"start":{"line":120,"column":4},"end":{"line":138,"column":5}},"59":{"start":{"line":121,"column":28},"end":{"line":121,"column":51}},"60":{"start":{"line":122,"column":8},"end":{"line":124,"column":9}},"61":{"start":{"line":123,"column":12},"end":{"line":123,"column":77}},"62":{"start":{"line":126,"column":34},"end":{"line":126,"column":69}},"63":{"start":{"line":127,"column":8},"end":{"line":129,"column":9}},"64":{"start":{"line":128,"column":12},"end":{"line":128,"column":76}},"65":{"start":{"line":131,"column":24},"end":{"line":131,"column":65}},"66":{"start":{"line":132,"column":8},"end":{"line":134,"column":9}},"67":{"start":{"line":133,"column":12},"end":{"line":133,"column":null}},"68":{"start":{"line":137,"column":8},"end":{"line":137,"column":96}},"69":{"start":{"line":138,"column":6},"end":{"line":138,"column":78}},"70":{"start":{"line":119,"column":13},"end":{"line":119,"column":41}}},"fnMap":{"0":{"name":"(anonymous_0)","decl":{"start":{"line":6,"column":41},"end":{"line":6,"column":46}},"loc":{"start":{"line":6,"column":79},"end":{"line":31,"column":1}}},"1":{"name":"(anonymous_1)","decl":{"start":{"line":34,"column":42},"end":{"line":34,"column":47}},"loc":{"start":{"line":34,"column":80},"end":{"line":44,"column":1}}},"2":{"name":"(anonymous_2)","decl":{"start":{"line":47,"column":42},"end":{"line":47,"column":47}},"loc":{"start":{"line":47,"column":80},"end":{"line":64,"column":1}}},"3":{"name":"(anonymous_3)","decl":{"start":{"line":67,"column":41},"end":{"line":67,"column":46}},"loc":{"start":{"line":67,"column":79},"end":{"line":116,"column":1}}},"4":{"name":"(anonymous_4)","decl":{"start":{"line":119,"column":41},"end":{"line":119,"column":46}},"loc":{"start":{"line":119,"column":79},"end":{"line":139,"column":1}}}},"branchMap":{"0":{"loc":{"start":{"line":11,"column":8},"end":{"line":13,"column":9}},"type":"if","locations":[{"start":{"line":11,"column":8},"end":{"line":13,"column":9}},{"start":{},"end":{}}]},"1":{"loc":{"start":{"line":16,"column":8},"end":{"line":18,"column":9}},"type":"if","locations":[{"start":{"line":16,"column":8},"end":{"line":18,"column":9}},{"start":{},"end":{}}]},"2":{"loc":{"start":{"line":21,"column":8},"end":{"line":25,"column":9}},"type":"if","locations":[{"start":{"line":21,"column":8},"end":{"line":25,"column":9}},{"start":{"line":23,"column":15},"end":{"line":25,"column":9}}]},"3":{"loc":{"start":{"line":37,"column":8},"end":{"line":39,"column":9}},"type":"if","locations":[{"start":{"line":37,"column":8},"end":{"line":39,"column":9}},{"start":{},"end":{}}]},"4":{"loc":{"start":{"line":50,"column":8},"end":{"line":52,"column":9}},"type":"if","locations":[{"start":{"line":50,"column":8},"end":{"line":52,"column":9}},{"start":{},"end":{}}]},"5":{"loc":{"start":{"line":55,"column":8},"end":{"line":57,"column":9}},"type":"if","locations":[{"start":{"line":55,"column":8},"end":{"line":57,"column":9}},{"start":{},"end":{}}]},"6":{"loc":{"start":{"line":70,"column":8},"end":{"line":72,"column":9}},"type":"if","locations":[{"start":{"line":70,"column":8},"end":{"line":72,"column":9}},{"start":{},"end":{}}]},"7":{"loc":{"start":{"line":77,"column":8},"end":{"line":79,"column":9}},"type":"if","locations":[{"start":{"line":77,"column":8},"end":{"line":79,"column":9}},{"start":{},"end":{}}]},"8":{"loc":{"start":{"line":82,"column":8},"end":{"line":84,"column":9}},"type":"if","locations":[{"start":{"line":82,"column":8},"end":{"line":84,"column":9}},{"start":{},"end":{}}]},"9":{"loc":{"start":{"line":88,"column":8},"end":{"line":90,"column":9}},"type":"if","locations":[{"start":{"line":88,"column":8},"end":{"line":90,"column":9}},{"start":{},"end":{}}]},"10":{"loc":{"start":{"line":93,"column":8},"end":{"line":95,"column":9}},"type":"if","locations":[{"start":{"line":93,"column":8},"end":{"line"
[...]
lumn":8},"end":{"line":59,"column":9}},"31":{"start":{"line":58,"column":8},"end":{"line":58,"column":null}},"32":{"start":{"line":61,"column":28},"end":{"line":61,"column":67}},"33":{"start":{"line":62,"column":8},"end":{"line":64,"column":9}},"34":{"start":{"line":63,"column":12},"end":{"line":63,"column":76}},"35":{"start":{"line":66,"column":8},"end":{"line":66,"column":57}},"36":{"start":{"line":69,"column":8},"end":{"line":69,"column":60}},"37":{"start":{"line":54,"column":13},"end":{"line":54,"column":44}},"38":{"start":{"line":74,"column":43},"end":{"line":139,"column":1}},"39":{"start":{"line":75,"column":4},"end":{"line":138,"column":5}},"40":{"start":{"line":76,"column":30},"end":{"line":76,"column":53}},"41":{"start":{"line":77,"column":8},"end":{"line":79,"column":9}},"42":{"start":{"line":78,"column":12},"end":{"line":78,"column":79}},"43":{"start":{"line":81,"column":28},"end":{"line":81,"column":36}},"44":{"start":{"line":84,"column":8},"end":{"line":86,"column":9}},"45":{"start":{"line":85,"column":12},"end":{"line":85,"column":80}},"46":{"start":{"line":89,"column":36},"end":{"line":89,"column":75}},"47":{"start":{"line":90,"column":8},"end":{"line":92,"column":9}},"48":{"start":{"line":91,"column":12},"end":{"line":91,"column":78}},"49":{"start":{"line":95,"column":8},"end":{"line":97,"column":9}},"50":{"start":{"line":96,"column":12},"end":{"line":96,"column":83}},"51":{"start":{"line":100,"column":8},"end":{"line":102,"column":9}},"52":{"start":{"line":101,"column":12},"end":{"line":101,"column":106}},"53":{"start":{"line":105,"column":8},"end":{"line":107,"column":9}},"54":{"start":{"line":106,"column":12},"end":{"line":106,"column":70}},"55":{"start":{"line":108,"column":8},"end":{"line":110,"column":9}},"56":{"start":{"line":109,"column":12},"end":{"line":109,"column":70}},"57":{"start":{"line":111,"column":8},"end":{"line":115,"column":9}},"58":{"start":{"line":112,"column":12},"end":{"line":114,"column":13}},"59":{"start":{"line":113,"column":16},"end":{"line":113,"column":86}},"60":{"start":{"line":118,"column":8},"end":{"line":120,"column":9}},"61":{"start":{"line":119,"column":12},"end":{"line":119,"column":70}},"62":{"start":{"line":121,"column":8},"end":{"line":123,"column":9}},"63":{"start":{"line":122,"column":12},"end":{"line":122,"column":70}},"64":{"start":{"line":126,"column":8},"end":{"line":126,"column":50}},"65":{"start":{"line":129,"column":35},"end":{"line":129,"column":93}},"66":{"start":{"line":130,"column":8},"end":{"line":134,"column":9}},"67":{"start":{"line":131,"column":12},"end":{"line":131,"column":115}},"68":{"start":{"line":133,"column":12},"end":{"line":133,"column":85}},"69":{"start":{"line":137,"column":8},"end":{"line":137,"column":96}},"70":{"start":{"line":74,"column":13},"end":{"line":74,"column":43}},"71":{"start":{"line":142,"column":43},"end":{"line":162,"column":1}},"72":{"start":{"line":143,"column":4},"end":{"line":161,"column":5}},"73":{"start":{"line":144,"column":30},"end":{"line":144,"column":53}},"74":{"start":{"line":145,"column":8},"end":{"line":147,"column":9}},"75":{"start":{"line":146,"column":12},"end":{"line":146,"column":79}},"76":{"start":{"line":149,"column":36},"end":{"line":149,"column":75}},"77":{"start":{"line":150,"column":8},"end":{"line":152,"column":9}},"78":{"start":{"line":151,"column":12},"end":{"line":151,"column":78}},"79":{"start":{"line":154,"column":24},"end":{"line":154,"column":69}},"80":{"start":{"line":155,"column":8},"end":{"line":157,"column":9}},"81":{"start":{"line":156,"column":12},"end":{"line":156,"column":null}},"82":{"start":{"line":157,"column":10},"end":{"line":157,"column":84}},"83":{"start":{"line":160,"column":8},"end":{"line":160,"column":96}},"84":{"start":{"line":142,"column":13},"end":{"line":142,"column":43}}},"fnMap":{"0":{"name":"(anonymous_0)","decl":{"start":{"line":5,"column":46},"end":{"line":5,"column":51}},"loc":{"start":{"line":5,"column":84},"end":{"line":37,"column":1}}},"1":{"name":"(anonymous_1)","decl":{"start":{"line":41,"column":44},"end":{"line":41,"column":49}},"loc":{"start":{"line":41,"column":82},"end":{"line":51,"column":1}}},"2":{"name":"(anonymous_2)","decl":{"start":{"line":54,"column":44},"end":{"line":54,"column":49}},"loc":{"start":{"line":54,"column":82},"end":{"line":71,"column":1}}},"3":{"name":"(anonymous_3)","decl":{"start":{"line":74,"column":43},"end":{"line":74,"column":48}},"loc":{"start":{"line":74,"column":81},"end":{"line":139,"column":1}}},"4":{"name":"(anonymous_4)","decl":{"start":{"line":142,"column":43},"end":{"line":142,"column":48}},"loc":{"start":{"line":142,"column":81},"end":{"line":162,"column":1}}}},"branchMap":{"0":{"loc":{"start":{"line":10,"column":8},"end":{"line":12,"column":9}},"type":"if","locations":[{"start":{"line":10,"column":8},"end":{"line":12,"column":9}},{"start":{},"end":{}}]},"1":{"loc":{"start":{"line":13,"column":8},"end":{"line":15,"column":9}},"type":"if","locations":[{"start":{"line":13,"column":8},"end":{"line":15,"column":9}},{"start":{},"end":{}}]},"2":{"loc":{"start":{"line":16,"column":8},"end":{"line":18,"column":9}},"type":"if","locations":[{"start":{"line":16,"column":8},"end":{"line":18,"column":9}},{"start":{},"end":{}}]},"3":{"loc":{"start":{"line":21,"column":8},"end":{"line":25,"column":9}},"type":"if","locations":[{"start":{"line":21,"column":8},"end":{"line":25,"column":9}},{"start":{},"end":{}}]},"4":{"loc":{"start":{"line":21,"column":12},"end":{"line":21,"column":60}},"type":"binary-expr","locations":[{"start":{"line":21,"column":12},"end":{"line":21,"column":34}},{"start":{"line":21,"column":38},"end":{"line":21,"column":60}}]},"5":{"loc":{"start":{"line":22,"column":12},"end":{"line":24,"column":13}},"type":"if","locations":[{"start":{"line":22,"column":12},"end":{"line":24,"column":13}},{"start":{},"end":{}}]},"6":{"loc":{"start":{"line":29,"column":8},"end":{"line":33,"column":9}},"type":"if","locations":[{"start":{"line":29,"column":8},"end":{"line":33,"column":9}},{"start":{"line":31,"column":15},"end":{"line":33,"column":9}}]},"7":{"loc":{"start":{"line":44,"column":8},"end":{"line":46,"column":9}},"type":"if","locations":[{"start":{"line":44,"column":8},"end":{"line":46,"column":9}},{"start":{},"end":{}}]},"8":{"loc":{"start":{"line":57,"column":8},"end":{"line":59,"column":9}},"type":"if","locations":[{"start":{"line":57,"column":8},"end":{"line":59,"column":9}},{"start":{},"end":{}}]},"9":{"loc":{"start":{"line":62,"column":8},"end":{"line":64,"column":9}},"type":"if","locations":[{"start":{"line":62,"column":8},"end":{"line":64,"column":9}},{"start":{},"end":{}}]},"10":{"loc":{"start":{"line":77,"column":8},"end":{"line":79,"column":9}},"type":"if","locations":[{"start":{"line":77,"column":8},"end":{"line":79,"column":9}},{"start":{},"end":{}}]},"11":{"loc":{"start":{"line":84,"column":8},"end":{"line":86,"column":9}},"type":"if","locations":[{"start":{"line":84,"column":8},"end":{"line":86,"column":9}},{"start":{},"end":{}}]},"12":{"loc":{"start":{"line":90,"column":8},"end":{"line":92,"column":9}},"type":"if","locations":[{"start":{"line":90,"column":8},"end":{"line":92,"column":9}},{"start":{},"end":{}}]},"13":{"loc":{"start":{"line":95,"column":8},"end":{"line":97,"column":9}},"type":"if","locations":[{"start":{"line":95,"column":8},"end":{"line":97,"column":9}},{"start":{},"end":{}}]},"14":{"loc":{"start":{"line":100,"column":8},"end":{"line":102,"column":9}},"type":"if","locations":[{"start":{"line":100,"column":8},"end":{"line":102,"column":9}},{"start":{},"end":{}}]},"15":{"loc":{"start":{"line":105,"column":8},"end":{"line":107,"column":9}},"type":"if","locations":[{"start":{"line":105,"column":8},"end":{"line":107,"column":9}},{"start":{},"end":{}}]},"16":{"loc":{"start":{"line":108,"column":8},"end":{"line":110,"column":9}},"type":"if","locations":[{"start":{"line":108,"column":8},"end":{"line":110,"column":9}},{"start":{},"end":{}}]},"17":{"loc":{"start":{"line":111,"column":8},"end":{"line":115,"column":9}},"type":"if","locations":[{"start":{"line":111,"column":8},"end":{"line":115,"column":9}},{"start":{},"end":{}}]},"18":{"loc":{"start":{"line":111,"column":12},"end":{"line":111,"column":60}},"type":"binary-expr","locations":[{"start":{"line":111,"column":12},"end":{"line":111,"column":34}},{"start":{"line":111,"column":38},"end":{"line":111,"column":60}}]},"19":{"loc":{"start":{"line":112,"column":12},"end":{"line":114,"column":13}},"type":"if","locations":[{"start":{"line":112,"column":12},"end":{"line":114,"column":13}},{"start":{},"end":{}}]},"20":{"loc":{"start":{"line":118,"column":8},"end":{"line":120,"column":9}},"type":"if","locations":[{"start":{"line":118,"column":8},"end":{"line":120,"column":9}},{"start":{},"end":{}}]},"21":{"loc":{"start":{"line":121,"column":8},"end":{"line":123,"column":9}},"type":"if","locations":[{"start":{"line":121,"column":8},"end":{"line":123,"column":9}},{"start":{},"end":{}}]},"22":{"loc":{"start":{"line":130,"column":8},"end":{"line":134,"column":9}},"type":"if","locations":[{"start":{"line":130,"column":8},"end":{"line":134,"column":9}},{"start":{"line":132,"column":15},"end":{"line":134,"column":9}}]},"23":{"loc":{"start":{"line":145,"column":8},"end":{"line":147,"column":9}},"type":"if","locations":[{"start":{"line":145,"column":8},"end":{"line":147,"column":9}},{"start":{},"end":{}}]},"24":{"loc":{"start":{"line":150,"column":8},"end":{"line":152,"column":9}},"type":"if","locations":[{"start":{"line":150,"column":8},"end":{"line":152,"column":9}},{"start":{},"end":{}}]},"25":{"loc":{"start":{"line":155,"column":8},"end":{"line":157,"column":9}},"type":"if","locations":[{"start":{"line":155,"column":8},"end":{"line":157,"column":9}},{"start":{},"end":{}}]}},"s":{"0":4,"1":4,"2":0,"3":0,"4":0,"5":0,"6":0,"7":0,"8":0,"9":0,"10":0,"11":0,"12":0,"13":0,"14":0,"15":0,"16":0,"17":0,"18":4,"19":4,"20":0,"21":0,"22":0,"23":0,"24":0,"25":0,"26":4,"27":4,"28":0,"29":0,"30":0,"31":0,"32":0,"33":0,"34":0,"35":0,"36":0,"37":4,"38":4,"39":0,"40":0,"41":0,"42":0,"43":0,"44":0,"45":0,"46":0,"47":0,"48":0,"49":0,"50":0,"51":0,"52":0,"53":0,"54":0,"55":0,"56":0,"57":0,"58":0,"59":0,"60":0,"61":0,"62":0,"63":0,"64":0,"65":0,"66":0,"67":0,"68":0,"69":0,"70":4,"71":4,"72":0,"73":0,"74":0,"75":0,"76":0,"77":0,"78":0,"79":0,"80":0,"81":0,"82":0,"83":0,"84":4},"f":{"0":0,"1":0,"2":0,"3":0,"4":0},"b":{"0":[0,0],"1":[0,0],"2":[0,0],"3":[0,0],"4":[0,0],"5":[0,0],"6":[0,0],"7":[0,0],"8":[0,0],"9":[0,0],"10":[0,0],"11":[0,0],"12":[0,0],"13":[0,0],"14":[0,0],"15":[0,0],"16":[0,0],"17":[0,0],"18":[0,0],"19":[0,0],"20":[0,0],"21":[0,0],"22":[0,0],"23":[0,0],"24":[0,0],"25":[0,0]}}
,"C:\\Users\\Admin\\Desktop\\Teach2Give\\CAR DB\\src\\Reservation\\reservation.router.ts": {"path":"C:\\Users\\Admin\\Desktop\\Teach2Give\\CAR DB\\src\\Reservation\\reservation.router.ts","statementMap":{"0":{"start":{"line":1,"column":0},"end":{"line":1,"column":192}},"1":{"start":{"line":4,"column":26},"end":{"line":65,"column":1}},"2":{"start":{"line":6,"column":2},"end":{"line":15,"column":null}},"3":{"start":{"line":8,"column":16},"end":{"line":13,"column":17}},"4":{"start":{"line":9,"column":20},"end":{"line":9,"column":null}},"5":{"start":{"line":11,"column":20},"end":{"line":11,"column":null}},"6":{"start":{"line":19,"column":2},"end":{"line":28,"column":null}},"7":{"start":{"line":21,"column":16},"end":{"line":26,"column":17}},"8":{"start":{"line":22,"column":20},"end":{"line":22,"column":null}},"9":{"start":{"line":24,"column":20},"end":{"line":24,"column":null}},"10":{"start":{"line":31,"column":2},"end":{"line":40,"column":null}},"11":{"start":{"line":33,"column":10},"end":{"line":38,"column":11}},"12":{"start":{"line":34,"column":14},"end":{"line":34,"column":null}},"13":{"start":{"line":36,"column":14},"end":{"line":36,"column":null}},"14":{"start":{"line":43,"column":2},"end":{"line":51,"column":null}},"15":{"start":{"line":45,"column":10},"end":{"line":49,"column":11}},"16":{"start":{"line":46,"column":14},"end":{"line":46,"column":null}},"17":{"start":{"line":48,"column":14},"end":{"line":48,"column":null}},"18":{"start":{"line":54,"column":3},"end":{"line":63,"column":null}},"19":{"start":{"line":56,"column":12},"end":{"line":61,"column":13}},"20":{"start":{"line":57,"column":16},"end":{"line":57,"column":null}},"21":{"start":{"line":59,"column":16},"end":{"line":59,"column":null}},"22":{"start":{"line":67,"column":0},"end":{"line":67,"column":33}}},"fnMap":{"0":{"name":"(anonymous_0)","decl":{"start":{"line":4,"column":26},"end":{"line":4,"column":27}},"loc":{"start":{"line":4,"column":43},"end":{"line":65,"column":1}}},"1":{"name":"(anonymous_1)","decl":{"start":{"line":7,"column":12},"end":{"line":7,"column":17}},"loc":{"start":{"line":7,"column":36},"end":{"line":14,"column":13}}},"2":{"name":"(anonymous_2)","decl":{"start":{"line":20,"column":12},"end":{"line":20,"column":17}},"loc":{"start":{"line":20,"column":36},"end":{"line":27,"column":13}}},"3":{"name":"(anonymous_3)","decl":{"start":{"line":32,"column":6},"end":{"line":32,"column":11}},"loc":{"start":{"line":32,"column":30},"end":{"line":39,"column":7}}},"4":{"name":"(anonymous_4)","decl":{"start":{"line":44,"column":6},"end":{"line":44,"column":11}},"loc":{"start":{"line":44,"column":30},"end":{"line":50,"column":7}}},"5":{"name":"(anonymous_5)","decl":{"start":{"line":55,"column":8},"end":{"line":55,"column":13}},"loc":{"start":{"line":55,"column":32},"end":{"line":62,"column":9}}}},"branchMap":{},"s":{"0":4,"1":4,"2":4,"3":0,"4":0,"5":0,"6":4,"7":0,"8":0,"9":0,"10":4,"11":0,"12":0,"13":0,"14":4,"15":0,"16":0,"17":0,"18":4,"19":0,"20":0,"21":0,"22":4},"f":{"0":4,"1":0,"2":0,"3":0,"4":0,"5":0},"b":{}}
,"C:\\Users\\Admin\\Desktop\\Teach2Give\\CAR DB\\src\\Reservation\\reservation.service.ts": {"path":"C:\\Users\\Admin\\Desktop\\Teach2Give\\CAR DB\\src\\Reservation\\reservation.service.ts","statementMap":{"0":{"start":{"line":1,"column":0},"end":{"line":1,"column":33}},"1":{"start":{"line":2,"column":0},"end":{"line":2,"column":31}},"2":{"start":{"line":3,"column":0},"end":{"line":3,"column":68}},"3":{"start":{"line":8,"column":40},"end":{"line":14,"column":1}},"4":{"start":{"line":9,"column":23},"end":{"line":9,"column":88}},"5":{"start":{"line":10,"column":8},"end":{"line":12,"column":9}},"6":{"start":{"line":11,"column":12},"end":{"line":11,"column":28}},"7":{"start":{"line":13,"column":8},"end":{"line":13,"column":20}},"8":{"start":{"line":8,"column":13},"end":{"line":8,"column":40}},"9":{"start":{"line":17,"column":40},"end":{"line":25,"column":1}},"10":{"start":{"line":18,"column":23},"end":{"line":18,"column":65}},"11":{"start":{"line":20,"column":2},"end":{"line":22,"column":3}},"12":{"start":{"line":21,"column":4},"end":{"line":21,"column":34}},"13":{"start":{"line":24,"column":2},"end":{"line":24,"column":22}},"14":{"start":{"line":17,"column":13},"end":{"line":17,"column":40}},"15":{"start":{"line":28,"column":34},"end":{"line":38,"column":1}},"16":{"start":{"line":29,"column":22},"end":{"line":31,"column":4}},"17":{"start":{"line":33,"column":2},"end":{"line":35,"column":3}},"18":{"start":{"line":34,"column":4},"end":{"line":34,"column":35}},"19":{"start":{"line":37,"column":2},"end":{"line":37,"column":21}},"20":{"start":{"line":28,"column":13},"end":{"line":28,"column":34}},"21":{"start":{"line":41,"column":40},"end":{"line":45,"column":1}},"22":{"start":{"line":42,"column":4},"end":{"line":42,"column":113}},"23":{"start":{"line":43,"column":4},"end":{"line":43,"column":45}},"24":{"start":{"line":41,"column":13},"end":{"line":41,"column":40}},"25":{"start":{"line":47,"column":40},"end":{"line":53,"column":1}},"26":{"start":{"line":48,"column":20},"end":{"line":48,"column":111}},"27":{"start":{"line":49,"column":4},"end":{"line":51,"column":5}},"28":{"start":{"line":50,"column":8},"end":{"line":50,"column":39}},"29":{"start":{"line":52,"column":4},"end":{"line":52,"column":46}},"30":{"start":{"line":47,"column":13},"end":{"line":47,"column":40}}},"fnMap":{"0":{"name":"(anonymous_1)","decl":{"start":{"line":8,"column":40},"end":{"line":8,"column":45}},"loc":{"start":{"line":8,"column":77},"end":{"line":14,"column":1}}},"1":{"name":"(anonymous_2)","decl":{"start":{"line":17,"column":40},"end":{"line":17,"column":45}},"loc":{"start":{"line":17,"column":51},"end":{"line":25,"column":1}}},"2":{"name":"(anonymous_3)","decl":{"start":{"line":28,"column":34},"end":{"line":28,"column":39}},"loc":{"start":{"line":28,"column":66},"end":{"line":38,"column":1}}},"3":{"name":"(anonymous_4)","decl":{"start":{"line":41,"column":40},"end":{"line":41,"column":45}},"loc":{"start":{"line":41,"column":89},"end":{"line":45,"column":1}}},"4":{"name":"(anonymous_5)","decl":{"start":{"line":47,"column":40},"end":{"line":47,"column":45}},"loc":{"start":{"line":47,"column":61},"end":{"line":53,"column":1}}}},"branchMap":{"0":{"loc":{"start":{"line":10,"column":8},"end":{"line":12,"column":9}},"type":"if","locations":[{"start":{"line":10,"column":8},"end":{"line":12,"column":9}},{"start":{},"end":{}}]},"1":{"loc":{"start":{"line":20,"column":2},"end":{"line":22,"column":3}},"type":"if","locations":[{"start":{"line":20,"column":2},"end":{"line":22,"column":3}},{"start":{},"end":{}}]},"2":{"loc":{"start":{"line":20,"column":6},"end":{"line":20,"column":48}},"type":"binary-expr","locations":[{"start":{"line":20,"column":6},"end":{"line":20,"column":19}},{"start":{"line":20,"column":23},"end":{"line":20,"column":48}}]},"3":{"loc":{"start":{"line":33,"column":2},"end":{"line":35,"column":3}},"type":"if","locations":[{"start":{"line":33,"column":2},"end":{"line":35,"column":3}},{"start":{},"end":{}}]},"4":{"loc":{"start":{"line":49,"column":4},"end":{"line":51,"column":5}},"type":"if","locations":[{"start":{"line":49,"column":4},"end":{"line":51,"column":5}},{"start":{},"end":{}}]}},"s":{"0":4,"1":4,"2":4,"3":4,"4":0,"5":0,"6":0,"7":0,"8":4,"9":4,"10":0,"11":0,"12":0,"13":0,"14":4,"15":4,"16":0,"17":0,"18":0,"19":0,"20":4,"21":4,"22":0,"23":0,"24":4,"25":4,"26":0,"27":0,"28":0,"29":0,"30":4},"f":{"0":0,"1":0,"2":0,"3":0,"4":0},"b":{"0":[0,0],"1":[0,0],"2":[0,0],"3":[0,0],"4":[0,0]}}
,"C:\\Users\\Admin\\Desktop\\Teach2Give\\CAR DB\\src\\Utils\\mailer.ts": {"path":"C:\\Users\\Admin\\Desktop\\Teach2Give\\CAR DB\\src\\Utils\\mailer.ts","statementMap":{"0":{"start":{"line":1,"column":0},"end":{"line":1,"column":36}},"1":{"start":{"line":3,"column":25},"end":{"line":42,"column":1}},"2":{"start":{"line":9,"column":4},"end":{"line":41,"column":5}},"3":{"start":{"line":10,"column":28},"end":{"line":19,"column":10}},"4":{"start":{"line":21,"column":56},"end":{"line":27,"column":10}},"5":{"start":{"line":29,"column":24},"end":{"line":29,"column":63}},"6":{"start":{"line":30,"column":8},"end":{"line":30,"column":40}},"7":{"start":{"line":32,"column":8},"end":{"line":38,"column":9}},"8":{"start":{"line":33,"column":12},"end":{"line":33,"column":45}},"9":{"start":{"line":34,"column":15},"end":{"line":38,"column":9}},"10":{"start":{"line":35,"column":12},"end":{"line":35,"column":36}},"11":{"start":{"line":37,"column":12},"end":{"line":37,"column":40}},"12":{"start":{"line":40,"column":8},"end":{"line":40,"column":56}},"13":{"start":{"line":3,"column":13},"end":{"line":3,"column":25}}},"fnMap":{"0":{"name":"(anonymous_1)","decl":{"start":{"line":3,"column":25},"end":{"line":3,"column":30}},"loc":{"start":{"line":8,"column":4},"end":{"line":42,"column":1}}}},"branchMap":{"0":{"loc":{"start":{"line":32,"column":8},"end":{"line":38,"column":9}},"type":"if","locations":[{"start":{"line":32,"column":8},"end":{"line":38,"column":9}},{"start":{"line":34,"column":15},"end":{"line":38,"column":9}}]},"1":{"loc":{"start":{"line":34,"column":15},"end":{"line":38,"column":9}},"type":"if","locations":[{"start":{"line":34,"column":15},"end":{"line":38,"column":9}},{"start":{"line":36,"column":15},"end":{"line":38,"column":9}}]}},"s":{"0":4,"1":4,"2":3,"3":3,"4":3,"5":3,"6":3,"7":3,"8":3,"9":0,"10":0,"11":0,"12":0,"13":4},"f":{"0":3},"b":{"0":[3,0],"1":[0,0]}}
}
