TN:
SF:src\index.ts
FN:13,(anonymous_1)
FN:29,(anonymous_2)
FNF:2
FNH:1
FNDA:4,(anonymous_1)
FNDA:0,(anonymous_2)
DA:1,4
DA:2,4
DA:3,4
DA:4,4
DA:5,4
DA:6,4
DA:7,4
DA:8,4
DA:9,4
DA:10,4
DA:11,4
DA:13,4
DA:14,4
DA:15,4
DA:18,4
DA:19,4
DA:20,4
DA:21,4
DA:22,4
DA:23,4
DA:24,4
DA:25,4
DA:26,4
DA:29,4
DA:30,0
DA:33,4
DA:36,4
DA:37,4
LF:28
LH:27
BRF:0
BRH:0
end_of_record
TN:
SF:src\product.ts
FN:1,product
FNF:1
FNH:0
FNDA:0,product
DA:1,0
DA:2,0
LF:2
LH:0
BRF:0
BRH:0
end_of_record
TN:
SF:src\server.ts
FN:3,(anonymous_1)
FNF:1
FNH:0
FNDA:0,(anonymous_1)
DA:1,0
DA:3,0
DA:4,0
LF:3
LH:0
BRF:0
BRH:0
end_of_record
TN:
SF:src\Auth\auth.controller.ts
FN:10,(anonymous_1)
FN:45,(anonymous_2)
FN:84,(anonymous_3)
FNF:3
FNH:3
FNDA:2,(anonymous_1)
FNDA:2,(anonymous_2)
FNDA:3,(anonymous_3)
DA:2,4
DA:3,4
DA:4,4
DA:6,4
DA:7,4
DA:10,4
DA:11,2
DA:12,2
DA:13,2
DA:14,2
DA:15,2
DA:18,2
DA:19,2
DA:20,2
DA:22,2
DA:23,2
DA:25,2
DA:26,2
DA:36,0
DA:38,2
DA:41,0
DA:45,4
DA:46,2
DA:47,2
DA:48,2
DA:49,2
DA:50,1
DA:53,1
DA:54,1
DA:57,1
DA:58,1
DA:70,0
DA:73,1
DA:75,0
DA:78,0
DA:84,4
DA:85,3
DA:86,3
DA:89,3
DA:90,3
DA:91,3
DA:94,0
DA:95,0
DA:99,0
DA:100,0
DA:101,0
DA:105,0
DA:115,0
DA:116,0
DA:117,0
DA:119,0
DA:122,0
DA:134,0
LF:53
LH:36
BRDA:23,0,0,0
BRDA:23,0,1,2
BRDA:49,1,0,1
BRDA:49,1,1,1
BRDA:53,2,0,1
BRDA:53,2,1,0
BRDA:90,3,0,3
BRDA:90,3,1,0
BRDA:94,4,0,0
BRDA:94,4,1,0
BRDA:100,5,0,0
BRDA:100,5,1,0
BRDA:116,6,0,0
BRDA:116,6,1,0
BRF:14
BRH:5
end_of_record
TN:
SF:src\Auth\auth.router.ts
FN:5,(anonymous_0)
FN:8,(anonymous_1)
FN:20,(anonymous_2)
FN:31,(anonymous_3)
FNF:4
FNH:4
FNDA:4,(anonymous_0)
FNDA:2,(anonymous_1)
FNDA:2,(anonymous_2)
FNDA:3,(anonymous_3)
DA:3,4
DA:5,4
DA:7,4
DA:9,2
DA:10,2
DA:12,0
DA:19,4
DA:21,2
DA:22,2
DA:24,0
DA:30,4
DA:32,3
DA:33,3
DA:35,0
DA:42,4
LF:15
LH:12
BRF:0
BRH:0
end_of_record
TN:
SF:src\Auth\auth.service.ts
FN:6,(anonymous_1)
FN:12,(anonymous_2)
FN:18,(anonymous_3)
FN:26,(anonymous_4)
FNF:4
FNH:4
FNDA:2,(anonymous_1)
FNDA:2,(anonymous_2)
FNDA:1,(anonymous_3)
FNDA:3,(anonymous_4)
DA:1,4
DA:2,4
DA:3,4
DA:6,4
DA:7,2
DA:8,2
DA:12,4
DA:13,2
DA:18,4
DA:19,1
DA:26,4
DA:28,3
DA:30,3
LF:13
LH:13
BRF:0
BRH:0
end_of_record
TN:
SF:src\Booking\booking.controller.ts
FN:14,(anonymous_0)
FN:38,(anonymous_1)
FN:53,(anonymous_2)
FN:77,(anonymous_3)
FN:110,(anonymous_4)
FNF:5
FNH:5
FNDA:1,(anonymous_0)
FNDA:1,(anonymous_1)
FNDA:1,(anonymous_2)
FNDA:1,(anonymous_3)
FNDA:1,(anonymous_4)
DA:5,4
DA:14,4
DA:15,1
DA:16,1
DA:18,1
DA:19,1
DA:21,1
DA:23,1
DA:25,1
DA:26,1
DA:27,1
DA:29,0
DA:32,0
DA:33,0
DA:38,4
DA:39,1
DA:40,1
DA:42,1
DA:43,0
DA:46,1
DA:48,0
DA:53,4
DA:54,1
DA:55,1
DA:57,1
DA:58,1
DA:59,0
DA:62,1
DA:64,1
DA:65,1
DA:66,0
DA:69,1
DA:72,0
DA:77,4
DA:78,1
DA:79,1
DA:80,1
DA:81,0
DA:84,1
DA:86,1
DA:87,1
DA:91,1
DA:92,1
DA:93,0
DA:96,1
DA:98,1
DA:99,1
DA:101,0
DA:104,0
DA:105,0
DA:110,4
DA:111,1
DA:112,1
DA:113,1
DA:114,0
DA:117,1
DA:118,1
DA:119,0
DA:122,1
DA:123,1
DA:124,1
DA:125,1
DA:127,0
DA:130,0
LF:64
LH:47
BRDA:26,0,0,1
BRDA:26,0,1,0
BRDA:42,1,0,0
BRDA:42,1,1,1
BRDA:58,2,0,0
BRDA:58,2,1,1
BRDA:65,3,0,0
BRDA:65,3,1,1
BRDA:80,4,0,0
BRDA:80,4,1,1
BRDA:92,5,0,0
BRDA:92,5,1,1
BRDA:98,6,0,1
BRDA:98,6,1,0
BRDA:113,7,0,0
BRDA:113,7,1,1
BRDA:118,8,0,0
BRDA:118,8,1,1
BRDA:123,9,0,1
BRDA:123,9,1,0
BRF:20
BRH:10
end_of_record
TN:
SF:src\Booking\booking.router.ts
FN:6,(anonymous_0)
FN:8,(anonymous_1)
FN:22,(anonymous_2)
FN:35,(anonymous_3)
FN:51,(anonymous_4)
FN:64,(anonymous_5)
FNF:6
FNH:6
FNDA:4,(anonymous_0)
FNDA:1,(anonymous_1)
FNDA:1,(anonymous_2)
FNDA:1,(anonymous_3)
FNDA:1,(anonymous_4)
FNDA:1,(anonymous_5)
DA:3,4
DA:6,4
DA:7,4
DA:9,1
DA:10,1
DA:12,0
DA:20,4
DA:23,1
DA:24,1
DA:26,0
DA:33,4
DA:36,1
DA:37,1
DA:39,0
DA:49,4
DA:52,1
DA:53,1
DA:55,0
DA:62,4
DA:65,1
DA:66,1
DA:68,0
DA:75,4
LF:23
LH:18
BRF:0
BRH:0
end_of_record
TN:
SF:src\Booking\booking.service.ts
FN:6,(anonymous_1)
FN:17,(anonymous_2)
FN:34,(anonymous_3)
FN:55,(anonymous_4)
FN:62,(anonymous_5)
FNF:5
FNH:5
FNDA:1,(anonymous_1)
FNDA:1,(anonymous_2)
FNDA:3,(anonymous_3)
FNDA:1,(anonymous_4)
FNDA:1,(anonymous_5)
DA:1,4
DA:2,4
DA:3,4
DA:6,4
DA:7,1
DA:8,1
DA:9,1
DA:11,0
DA:17,4
DA:18,1
DA:26,1
DA:27,0
DA:30,1
DA:34,4
DA:35,3
DA:44,3
DA:45,2
DA:48,1
DA:55,4
DA:56,1
DA:57,1
DA:62,4
DA:63,1
DA:64,1
DA:65,1
DA:67,0
LF:26
LH:23
BRDA:8,0,0,1
BRDA:8,0,1,0
BRDA:26,1,0,0
BRDA:26,1,1,1
BRDA:44,2,0,2
BRDA:44,2,1,1
BRDA:44,3,0,3
BRDA:44,3,1,3
BRDA:64,4,0,1
BRDA:64,4,1,0
BRF:10
BRH:7
end_of_record
TN:
SF:src\Car\car.controller.ts
FN:13,(anonymous_0)
FN:36,(anonymous_1)
FN:49,(anonymous_2)
FN:69,(anonymous_3)
FN:112,(anonymous_4)
FNF:5
FNH:5
FNDA:1,(anonymous_0)
FNDA:1,(anonymous_1)
FNDA:1,(anonymous_2)
FNDA:1,(anonymous_3)
FNDA:1,(anonymous_4)
DA:4,4
DA:13,4
DA:14,1
DA:15,1
DA:18,1
DA:19,0
DA:22,1
DA:23,1
DA:24,1
DA:26,0
DA:30,0
DA:36,4
DA:37,1
DA:38,1
DA:39,1
DA:40,0
DA:42,1
DA:44,0
DA:49,4
DA:50,1
DA:51,1
DA:52,1
DA:53,0
DA:56,1
DA:57,1
DA:58,0
DA:61,1
DA:64,0
DA:69,4
DA:70,1
DA:71,1
DA:72,1
DA:73,0
DA:76,1
DA:79,1
DA:80,0
DA:84,1
DA:85,1
DA:86,0
DA:90,1
DA:91,0
DA:96,1
DA:99,1
DA:100,1
DA:101,1
DA:103,0
DA:107,0
DA:112,4
DA:113,1
DA:114,1
DA:115,1
DA:116,0
DA:119,1
DA:120,1
DA:121,0
DA:124,1
DA:125,1
DA:126,1
DA:127,1
DA:129,0
DA:133,0
LF:61
LH:43
BRDA:18,0,0,0
BRDA:18,0,1,1
BRDA:23,1,0,1
BRDA:23,1,1,0
BRDA:39,2,0,0
BRDA:39,2,1,1
BRDA:52,3,0,0
BRDA:52,3,1,1
BRDA:57,4,0,0
BRDA:57,4,1,1
BRDA:72,5,0,0
BRDA:72,5,1,1
BRDA:79,6,0,0
BRDA:79,6,1,1
BRDA:85,7,0,0
BRDA:85,7,1,1
BRDA:90,8,0,0
BRDA:90,8,1,1
BRDA:100,9,0,1
BRDA:100,9,1,0
BRDA:115,10,0,0
BRDA:115,10,1,1
BRDA:120,11,0,0
BRDA:120,11,1,1
BRDA:125,12,0,1
BRDA:125,12,1,0
BRF:26
BRH:13
end_of_record
TN:
SF:src\Car\car.router.ts
FN:10,(anonymous_0)
FN:12,(anonymous_1)
FN:21,(anonymous_2)
FN:30,(anonymous_3)
FN:39,(anonymous_4)
FN:48,(anonymous_5)
FNF:6
FNH:6
FNDA:4,(anonymous_0)
FNDA:1,(anonymous_1)
FNDA:1,(anonymous_2)
FNDA:1,(anonymous_3)
FNDA:1,(anonymous_4)
FNDA:1,(anonymous_5)
DA:2,4
DA:10,4
DA:12,4
DA:13,1
DA:14,1
DA:16,0
DA:21,4
DA:22,1
DA:23,1
DA:25,0
DA:30,4
DA:31,1
DA:32,1
DA:34,0
DA:39,4
DA:40,1
DA:41,1
DA:43,0
DA:48,4
DA:49,1
DA:50,1
DA:52,0
DA:57,4
LF:23
LH:18
BRF:0
BRH:0
end_of_record
TN:
SF:src\Car\car.service.ts
FN:7,(anonymous_1)
FN:16,(anonymous_2)
FN:33,(anonymous_3)
FN:52,(anonymous_4)
FN:59,(anonymous_5)
FNF:5
FNH:5
FNDA:1,(anonymous_1)
FNDA:1,(anonymous_2)
FNDA:3,(anonymous_3)
FNDA:1,(anonymous_4)
FNDA:1,(anonymous_5)
DA:1,4
DA:2,4
DA:3,4
DA:7,4
DA:8,1
DA:9,1
DA:10,1
DA:12,0
DA:16,4
DA:17,1
DA:26,1
DA:27,1
DA:29,0
DA:33,4
DA:34,3
DA:44,3
DA:45,3
DA:48,0
DA:52,4
DA:53,1
DA:54,1
DA:59,4
DA:60,1
DA:61,1
DA:62,1
DA:64,0
LF:26
LH:22
BRDA:9,0,0,1
BRDA:9,0,1,0
BRDA:26,1,0,1
BRDA:26,1,1,0
BRDA:44,2,0,3
BRDA:44,2,1,0
BRDA:61,3,0,1
BRDA:61,3,1,0
BRF:8
BRH:4
end_of_record
TN:
SF:src\Customer\customer.controller.ts
FN:6,(anonymous_0)
FN:25,(anonymous_1)
FN:38,(anonymous_2)
FN:63,(anonymous_3)
FN:106,(anonymous_4)
FNF:5
FNH:5
FNDA:1,(anonymous_0)
FNDA:1,(anonymous_1)
FNDA:2,(anonymous_2)
FNDA:1,(anonymous_3)
FNDA:1,(anonymous_4)
DA:2,4
DA:6,4
DA:7,1
DA:8,1
DA:10,1
DA:11,1
DA:12,1
DA:14,0
DA:18,0
DA:25,4
DA:26,1
DA:27,1
DA:28,1
DA:29,0
DA:31,1
DA:33,0
DA:38,4
DA:39,2
DA:40,2
DA:42,2
DA:43,1
DA:46,1
DA:48,1
DA:49,0
DA:52,1
DA:54,0
DA:63,4
DA:64,1
DA:65,1
DA:66,1
DA:67,1
DA:68,0
DA:71,1
DA:74,1
DA:75,1
DA:76,1
DA:77,0
DA:81,1
DA:82,0
DA:86,1
DA:87,0
DA:91,1
DA:92,1
DA:94,1
DA:95,1
DA:97,0
DA:101,0
DA:106,4
DA:107,1
DA:108,1
DA:109,1
DA:110,0
DA:113,1
DA:114,1
DA:115,0
DA:118,1
DA:119,1
DA:120,0
DA:121,1
DA:124,1
LF:60
LH:45
BRDA:11,0,0,1
BRDA:11,0,1,0
BRDA:28,1,0,0
BRDA:28,1,1,1
BRDA:42,2,0,1
BRDA:42,2,1,1
BRDA:48,3,0,0
BRDA:48,3,1,1
BRDA:67,4,0,0
BRDA:67,4,1,1
BRDA:76,5,0,0
BRDA:76,5,1,1
BRDA:81,6,0,0
BRDA:81,6,1,1
BRDA:86,7,0,0
BRDA:86,7,1,1
BRDA:94,8,0,1
BRDA:94,8,1,0
BRDA:109,9,0,0
BRDA:109,9,1,1
BRDA:114,10,0,0
BRDA:114,10,1,1
BRDA:119,11,0,0
BRDA:119,11,1,1
BRF:24
BRH:13
end_of_record
TN:
SF:src\Customer\customer.router.ts
FN:5,(anonymous_0)
FN:9,(anonymous_1)
FN:23,(anonymous_2)
FN:36,(anonymous_3)
FN:49,(anonymous_4)
FN:61,(anonymous_5)
FNF:6
FNH:6
FNDA:4,(anonymous_0)
FNDA:1,(anonymous_1)
FNDA:1,(anonymous_2)
FNDA:2,(anonymous_3)
FNDA:1,(anonymous_4)
FNDA:1,(anonymous_5)
DA:2,4
DA:5,4
DA:8,4
DA:10,1
DA:11,1
DA:13,0
DA:21,4
DA:24,1
DA:25,1
DA:27,0
DA:34,4
DA:37,2
DA:38,2
DA:40,0
DA:47,4
DA:50,1
DA:51,1
DA:53,0
DA:60,4
DA:62,1
DA:63,1
DA:65,1
DA:73,4
LF:23
LH:19
BRF:0
BRH:0
end_of_record
TN:
SF:src\Customer\customer.service.ts
FN:9,(anonymous_1)
FN:18,(anonymous_2)
FN:33,(anonymous_3)
FN:50,(anonymous_4)
FN:61,(anonymous_5)
FNF:5
FNH:5
FNDA:1,(anonymous_1)
FNDA:1,(anonymous_2)
FNDA:3,(anonymous_3)
FNDA:1,(anonymous_4)
FNDA:1,(anonymous_5)
DA:2,4
DA:3,4
DA:4,4
DA:9,4
DA:10,1
DA:11,1
DA:12,1
DA:14,0
DA:18,4
DA:19,1
DA:25,1
DA:26,0
DA:29,1
DA:33,4
DA:34,3
DA:41,3
DA:42,0
DA:45,3
DA:50,4
DA:51,1
DA:57,1
DA:61,4
DA:62,1
DA:63,1
DA:64,0
DA:66,1
LF:26
LH:22
BRDA:11,0,0,1
BRDA:11,0,1,0
BRDA:25,1,0,0
BRDA:25,1,1,1
BRDA:41,2,0,0
BRDA:41,2,1,3
BRDA:63,3,0,0
BRDA:63,3,1,1
BRF:8
BRH:4
end_of_record
TN:
SF:src\Drizzle\db.ts
FN:11,(anonymous_9)
FN:14,(anonymous_10)
FN:16,(anonymous_11)
FNF:3
FNH:2
FNDA:4,(anonymous_9)
FNDA:4,(anonymous_10)
FNDA:0,(anonymous_11)
DA:1,4
DA:3,4
DA:4,4
DA:5,4
DA:7,4
DA:11,4
DA:12,4
DA:14,4
DA:15,4
DA:17,0
DA:18,0
DA:21,4
DA:22,4
LF:13
LH:11
BRF:0
BRH:0
end_of_record
TN:
SF:src\Drizzle\migrate.ts
FN:6,migration
FN:14,(anonymous_10)
FNF:2
FNH:0
FNDA:0,migration
FNDA:0,(anonymous_10)
DA:1,0
DA:2,0
DA:4,0
DA:7,0
DA:8,0
DA:9,0
DA:10,0
DA:11,0
DA:14,0
DA:15,0
DA:16,0
LF:11
LH:0
BRF:0
BRH:0
end_of_record
TN:
SF:src\Drizzle\schema.ts
FN:24,(anonymous_0)
FN:44,(anonymous_1)
FN:45,(anonymous_2)
FN:54,(anonymous_3)
FN:55,(anonymous_4)
FN:64,(anonymous_5)
FN:73,(anonymous_6)
FN:82,(anonymous_7)
FN:93,(anonymous_8)
FN:99,(anonymous_9)
FN:104,(anonymous_10)
FN:117,(anonymous_11)
FN:129,(anonymous_12)
FN:142,(anonymous_13)
FN:150,(anonymous_14)
FN:158,(anonymous_15)
FNF:16
FNH:8
FNDA:0,(anonymous_0)
FNDA:0,(anonymous_1)
FNDA:0,(anonymous_2)
FNDA:0,(anonymous_3)
FNDA:0,(anonymous_4)
FNDA:0,(anonymous_5)
FNDA:0,(anonymous_6)
FNDA:0,(anonymous_7)
FNDA:4,(anonymous_8)
FNDA:4,(anonymous_9)
FNDA:4,(anonymous_10)
FNDA:4,(anonymous_11)
FNDA:4,(anonymous_12)
FNDA:4,(anonymous_13)
FNDA:4,(anonymous_14)
FNDA:4,(anonymous_15)
DA:3,4
DA:4,4
DA:7,4
DA:22,4
DA:24,0
DA:31,4
DA:42,4
DA:44,0
DA:45,0
DA:52,4
DA:54,0
DA:55,0
DA:62,4
DA:64,0
DA:71,4
DA:73,0
DA:80,4
DA:82,0
DA:93,4
DA:99,4
DA:104,4
DA:117,4
DA:129,4
DA:142,4
DA:150,4
DA:158,4
LF:26
LH:18
BRF:0
BRH:0
end_of_record
TN:
SF:src\Drizzle\seed.ts
FN:14,seed
FN:92,(anonymous_2)
FNF:2
FNH:0
FNDA:0,seed
FNDA:0,(anonymous_2)
DA:2,0
DA:3,0
DA:16,0
DA:26,0
DA:35,0
DA:44,0
DA:53,0
DA:62,0
DA:71,0
DA:80,0
DA:88,0
DA:89,0
DA:92,0
DA:93,0
DA:94,0
LF:15
LH:0
BRF:0
BRH:0
end_of_record
TN:
SF:src\Insurance\insurance.controller.ts
FN:6,(anonymous_0)
FN:34,(anonymous_1)
FN:47,(anonymous_2)
FN:67,(anonymous_3)
FN:119,(anonymous_4)
FNF:5
FNH:0
FNDA:0,(anonymous_0)
FNDA:0,(anonymous_1)
FNDA:0,(anonymous_2)
FNDA:0,(anonymous_3)
FNDA:0,(anonymous_4)
DA:3,4
DA:6,4
DA:7,0
DA:8,0
DA:11,0
DA:12,0
DA:16,0
DA:17,0
DA:20,0
DA:21,0
DA:22,0
DA:24,0
DA:28,0
DA:34,4
DA:35,0
DA:36,0
DA:37,0
DA:38,0
DA:40,0
DA:42,0
DA:47,4
DA:48,0
DA:49,0
DA:50,0
DA:51,0
DA:54,0
DA:55,0
DA:56,0
DA:59,0
DA:62,0
DA:67,4
DA:68,0
DA:69,0
DA:70,0
DA:71,0
DA:74,0
DA:77,0
DA:78,0
DA:82,0
DA:83,0
DA:87,0
DA:88,0
DA:89,0
DA:93,0
DA:94,0
DA:98,0
DA:99,0
DA:103,0
DA:106,0
DA:107,0
DA:108,0
DA:110,0
DA:114,0
DA:119,4
DA:120,0
DA:121,0
DA:122,0
DA:123,0
DA:126,0
DA:127,0
DA:128,0
DA:131,0
DA:132,0
DA:133,0
DA:137,0
DA:138,0
LF:66
LH:6
BRDA:11,0,0,0
BRDA:11,0,1,0
BRDA:16,1,0,0
BRDA:16,1,1,0
BRDA:21,2,0,0
BRDA:21,2,1,0
BRDA:37,3,0,0
BRDA:37,3,1,0
BRDA:50,4,0,0
BRDA:50,4,1,0
BRDA:55,5,0,0
BRDA:55,5,1,0
BRDA:70,6,0,0
BRDA:70,6,1,0
BRDA:77,7,0,0
BRDA:77,7,1,0
BRDA:82,8,0,0
BRDA:82,8,1,0
BRDA:88,9,0,0
BRDA:88,9,1,0
BRDA:93,10,0,0
BRDA:93,10,1,0
BRDA:98,11,0,0
BRDA:98,11,1,0
BRDA:107,12,0,0
BRDA:107,12,1,0
BRDA:122,13,0,0
BRDA:122,13,1,0
BRDA:127,14,0,0
BRDA:127,14,1,0
BRDA:132,15,0,0
BRDA:132,15,1,0
BRF:32
BRH:0
end_of_record
TN:
SF:src\Insurance\insurance.router.ts
FN:5,(anonymous_0)
FN:9,(anonymous_1)
FN:23,(anonymous_2)
FN:35,(anonymous_3)
FN:47,(anonymous_4)
FN:59,(anonymous_5)
FNF:6
FNH:1
FNDA:4,(anonymous_0)
FNDA:0,(anonymous_1)
FNDA:0,(anonymous_2)
FNDA:0,(anonymous_3)
FNDA:0,(anonymous_4)
FNDA:0,(anonymous_5)
DA:2,4
DA:3,4
DA:5,4
DA:8,4
DA:10,0
DA:11,0
DA:13,0
DA:21,4
DA:24,0
DA:25,0
DA:27,0
DA:34,4
DA:36,0
DA:37,0
DA:39,0
DA:46,4
DA:48,0
DA:49,0
DA:51,0
DA:58,4
DA:60,0
DA:61,0
DA:63,0
DA:70,4
LF:24
LH:9
BRF:0
BRH:0
end_of_record
TN:
SF:src\Insurance\insurance.service.ts
FN:6,(anonymous_1)
FN:15,(anonymous_2)
FN:30,(anonymous_3)
FN:45,(anonymous_4)
FN:52,(anonymous_5)
FNF:5
FNH:0
FNDA:0,(anonymous_1)
FNDA:0,(anonymous_2)
FNDA:0,(anonymous_3)
FNDA:0,(anonymous_4)
FNDA:0,(anonymous_5)
DA:1,4
DA:2,4
DA:3,4
DA:6,4
DA:7,0
DA:8,0
DA:9,0
DA:11,0
DA:15,4
DA:16,0
DA:22,0
DA:23,0
DA:26,0
DA:30,4
DA:31,0
DA:37,0
DA:38,0
DA:41,0
DA:45,4
DA:46,0
DA:47,0
DA:52,4
DA:53,0
DA:54,0
DA:55,0
DA:57,0
LF:26
LH:8
BRDA:8,0,0,0
BRDA:8,0,1,0
BRDA:22,1,0,0
BRDA:22,1,1,0
BRDA:37,2,0,0
BRDA:37,2,1,0
BRDA:54,3,0,0
BRDA:54,3,1,0
BRF:8
BRH:0
end_of_record
TN:
SF:src\Location\location.controller.ts
FN:7,(anonymous_0)
FN:25,(anonymous_1)
FN:38,(anonymous_2)
FN:58,(anonymous_3)
FN:100,(anonymous_4)
FNF:5
FNH:0
FNDA:0,(anonymous_0)
FNDA:0,(anonymous_1)
FNDA:0,(anonymous_2)
FNDA:0,(anonymous_3)
FNDA:0,(anonymous_4)
DA:3,4
DA:7,4
DA:8,0
DA:9,0
DA:11,0
DA:12,0
DA:13,0
DA:15,0
DA:19,0
DA:25,4
DA:26,0
DA:27,0
DA:28,0
DA:29,0
DA:31,0
DA:33,0
DA:38,4
DA:39,0
DA:40,0
DA:41,0
DA:42,0
DA:45,0
DA:46,0
DA:47,0
DA:50,0
DA:53,0
DA:58,4
DA:59,0
DA:60,0
DA:61,0
DA:62,0
DA:65,0
DA:68,0
DA:69,0
DA:70,0
DA:74,0
DA:75,0
DA:79,0
DA:80,0
DA:84,0
DA:87,0
DA:88,0
DA:89,0
DA:91,0
DA:95,0
DA:100,4
DA:101,0
DA:102,0
DA:103,0
DA:104,0
DA:107,0
DA:108,0
DA:109,0
DA:112,0
DA:113,0
DA:114,0
DA:115,0
DA:118,0
LF:58
LH:6
BRDA:12,0,0,0
BRDA:12,0,1,0
BRDA:28,1,0,0
BRDA:28,1,1,0
BRDA:41,2,0,0
BRDA:41,2,1,0
BRDA:46,3,0,0
BRDA:46,3,1,0
BRDA:61,4,0,0
BRDA:61,4,1,0
BRDA:69,5,0,0
BRDA:69,5,1,0
BRDA:74,6,0,0
BRDA:74,6,1,0
BRDA:79,7,0,0
BRDA:79,7,1,0
BRDA:88,8,0,0
BRDA:88,8,1,0
BRDA:103,9,0,0
BRDA:103,9,1,0
BRDA:108,10,0,0
BRDA:108,10,1,0
BRDA:113,11,0,0
BRDA:113,11,1,0
BRF:24
BRH:0
end_of_record
TN:
SF:src\Location\location.router.ts
FN:5,(anonymous_0)
FN:9,(anonymous_1)
FN:21,(anonymous_2)
FN:33,(anonymous_3)
FN:45,(anonymous_4)
FN:56,(anonymous_5)
FN:67,(anonymous_6)
FNF:7
FNH:1
FNDA:4,(anonymous_0)
FNDA:0,(anonymous_1)
FNDA:0,(anonymous_2)
FNDA:0,(anonymous_3)
FNDA:0,(anonymous_4)
FNDA:0,(anonymous_5)
FNDA:0,(anonymous_6)
DA:2,4
DA:5,4
DA:8,4
DA:10,0
DA:11,0
DA:13,0
DA:20,4
DA:22,0
DA:23,0
DA:25,0
DA:32,4
DA:34,0
DA:35,0
DA:37,0
DA:44,4
DA:46,0
DA:47,0
DA:49,0
DA:55,4
DA:57,0
DA:58,0
DA:60,0
DA:66,4
DA:68,0
DA:69,0
DA:71,0
DA:79,4
LF:27
LH:9
BRF:0
BRH:0
end_of_record
TN:
SF:src\Location\location.service.ts
FN:6,(anonymous_1)
FN:15,(anonymous_2)
FN:28,(anonymous_3)
FN:43,(anonymous_4)
FN:49,(anonymous_5)
FNF:5
FNH:0
FNDA:0,(anonymous_1)
FNDA:0,(anonymous_2)
FNDA:0,(anonymous_3)
FNDA:0,(anonymous_4)
FNDA:0,(anonymous_5)
DA:1,4
DA:2,4
DA:3,4
DA:6,4
DA:7,0
DA:8,0
DA:9,0
DA:11,0
DA:15,4
DA:16,0
DA:20,0
DA:21,0
DA:24,0
DA:28,4
DA:29,0
DA:34,0
DA:35,0
DA:38,0
DA:43,4
DA:44,0
DA:45,0
DA:49,4
DA:50,0
DA:51,0
DA:52,0
DA:54,0
LF:26
LH:8
BRDA:8,0,0,0
BRDA:8,0,1,0
BRDA:20,1,0,0
BRDA:20,1,1,0
BRDA:34,2,0,0
BRDA:34,2,1,0
BRDA:51,3,0,0
BRDA:51,3,1,0
BRF:8
BRH:0
end_of_record
TN:
SF:src\Maintenance\maintenance.controller.ts
FN:5,(anonymous_0)
FN:29,(anonymous_1)
FN:42,(anonymous_2)
FN:62,(anonymous_3)
FN:109,(anonymous_4)
FNF:5
FNH:0
FNDA:0,(anonymous_0)
FNDA:0,(anonymous_1)
FNDA:0,(anonymous_2)
FNDA:0,(anonymous_3)
FNDA:0,(anonymous_4)
DA:2,4
DA:5,4
DA:6,0
DA:7,0
DA:10,0
DA:11,0
DA:15,0
DA:16,0
DA:17,0
DA:19,0
DA:23,0
DA:29,4
DA:30,0
DA:31,0
DA:32,0
DA:33,0
DA:35,0
DA:37,0
DA:42,4
DA:43,0
DA:44,0
DA:45,0
DA:46,0
DA:49,0
DA:50,0
DA:51,0
DA:54,0
DA:57,0
DA:62,4
DA:63,0
DA:64,0
DA:65,0
DA:66,0
DA:69,0
DA:72,0
DA:73,0
DA:77,0
DA:78,0
DA:79,0
DA:83,0
DA:84,0
DA:88,0
DA:89,0
DA:93,0
DA:96,0
DA:97,0
DA:98,0
DA:100,0
DA:104,0
DA:109,4
DA:110,0
DA:111,0
DA:112,0
DA:113,0
DA:116,0
DA:117,0
DA:118,0
DA:121,0
DA:122,0
DA:123,0
DA:124,0
DA:127,0
LF:62
LH:6
BRDA:10,0,0,0
BRDA:10,0,1,0
BRDA:16,1,0,0
BRDA:16,1,1,0
BRDA:32,2,0,0
BRDA:32,2,1,0
BRDA:45,3,0,0
BRDA:45,3,1,0
BRDA:50,4,0,0
BRDA:50,4,1,0
BRDA:65,5,0,0
BRDA:65,5,1,0
BRDA:72,6,0,0
BRDA:72,6,1,0
BRDA:78,7,0,0
BRDA:78,7,1,0
BRDA:83,8,0,0
BRDA:83,8,1,0
BRDA:88,9,0,0
BRDA:88,9,1,0
BRDA:97,10,0,0
BRDA:97,10,1,0
BRDA:112,11,0,0
BRDA:112,11,1,0
BRDA:117,12,0,0
BRDA:117,12,1,0
BRDA:122,13,0,0
BRDA:122,13,1,0
BRF:28
BRH:0
end_of_record
TN:
SF:src\Maintenance\maintenance.router.ts
FN:4,(anonymous_0)
FN:8,(anonymous_1)
FN:21,(anonymous_2)
FN:31,(anonymous_3)
FN:41,(anonymous_4)
FN:51,(anonymous_5)
FNF:6
FNH:1
FNDA:4,(anonymous_0)
FNDA:0,(anonymous_1)
FNDA:0,(anonymous_2)
FNDA:0,(anonymous_3)
FNDA:0,(anonymous_4)
FNDA:0,(anonymous_5)
DA:2,4
DA:4,4
DA:7,4
DA:9,0
DA:10,0
DA:12,0
DA:20,4
DA:22,0
DA:23,0
DA:25,0
DA:30,4
DA:32,0
DA:33,0
DA:35,0
DA:40,4
DA:42,0
DA:43,0
DA:45,0
DA:50,4
DA:52,0
DA:53,0
DA:55,0
DA:60,4
LF:23
LH:8
BRF:0
BRH:0
end_of_record
TN:
SF:src\Maintenance\maintenance.service.ts
FN:6,(anonymous_1)
FN:15,(anonymous_2)
FN:30,(anonymous_3)
FN:46,(anonymous_4)
FN:53,(anonymous_5)
FNF:5
FNH:0
FNDA:0,(anonymous_1)
FNDA:0,(anonymous_2)
FNDA:0,(anonymous_3)
FNDA:0,(anonymous_4)
FNDA:0,(anonymous_5)
DA:1,4
DA:2,4
DA:3,4
DA:6,4
DA:7,0
DA:8,0
DA:9,0
DA:11,0
DA:15,4
DA:16,0
DA:22,0
DA:23,0
DA:26,0
DA:30,4
DA:31,0
DA:38,0
DA:39,0
DA:42,0
DA:46,4
DA:47,0
DA:48,0
DA:53,4
DA:54,0
DA:55,0
DA:56,0
DA:58,0
LF:26
LH:8
BRDA:8,0,0,0
BRDA:8,0,1,0
BRDA:22,1,0,0
BRDA:22,1,1,0
BRDA:22,2,0,0
BRDA:22,2,1,0
BRDA:38,3,0,0
BRDA:38,3,1,0
BRDA:55,4,0,0
BRDA:55,4,1,0
BRF:10
BRH:0
end_of_record
TN:
SF:src\Middleware\bearAuth.ts
FN:7,(anonymous_1)
FN:8,(anonymous_2)
FNF:2
FNH:1
FNDA:12,(anonymous_1)
FNDA:0,(anonymous_2)
DA:1,4
DA:2,4
DA:7,4
DA:8,12
DA:9,0
DA:11,0
DA:12,0
DA:13,0
DA:16,0
DA:18,0
DA:19,0
DA:20,0
DA:23,0
DA:28,0
DA:29,0
DA:30,0
DA:31,0
DA:34,0
DA:35,0
DA:36,0
DA:38,0
DA:39,0
DA:41,0
DA:42,0
DA:46,0
DA:47,0
DA:53,4
DA:54,4
DA:55,4
LF:29
LH:7
BRDA:11,0,0,0
BRDA:11,0,1,0
BRDA:11,1,0,0
BRDA:11,1,1,0
BRDA:23,2,0,0
BRDA:23,2,1,0
BRDA:24,3,0,0
BRDA:24,3,1,0
BRDA:24,3,2,0
BRDA:28,4,0,0
BRDA:28,4,1,0
BRDA:29,5,0,0
BRDA:29,5,1,0
BRDA:29,6,0,0
BRDA:29,6,1,0
BRDA:34,7,0,0
BRDA:34,7,1,0
BRF:17
BRH:0
end_of_record
TN:
SF:src\Payment\payment.controller.ts
FN:6,(anonymous_0)
FN:29,(anonymous_1)
FN:42,(anonymous_2)
FN:62,(anonymous_3)
FN:109,(anonymous_4)
FNF:5
FNH:0
FNDA:0,(anonymous_0)
FNDA:0,(anonymous_1)
FNDA:0,(anonymous_2)
FNDA:0,(anonymous_3)
FNDA:0,(anonymous_4)
DA:3,4
DA:6,4
DA:7,0
DA:8,0
DA:11,0
DA:12,0
DA:15,0
DA:16,0
DA:17,0
DA:19,0
DA:23,0
DA:29,4
DA:30,0
DA:31,0
DA:32,0
DA:33,0
DA:35,0
DA:37,0
DA:42,4
DA:43,0
DA:44,0
DA:45,0
DA:46,0
DA:49,0
DA:50,0
DA:51,0
DA:54,0
DA:57,0
DA:62,4
DA:63,0
DA:64,0
DA:65,0
DA:66,0
DA:69,0
DA:72,0
DA:73,0
DA:77,0
DA:78,0
DA:79,0
DA:83,0
DA:84,0
DA:88,0
DA:89,0
DA:93,0
DA:96,0
DA:97,0
DA:98,0
DA:100,0
DA:104,0
DA:109,4
DA:110,0
DA:111,0
DA:112,0
DA:113,0
DA:116,0
DA:117,0
DA:118,0
DA:121,0
DA:122,0
DA:123,0
DA:124,0
DA:127,0
LF:62
LH:6
BRDA:11,0,0,0
BRDA:11,0,1,0
BRDA:16,1,0,0
BRDA:16,1,1,0
BRDA:32,2,0,0
BRDA:32,2,1,0
BRDA:45,3,0,0
BRDA:45,3,1,0
BRDA:50,4,0,0
BRDA:50,4,1,0
BRDA:65,5,0,0
BRDA:65,5,1,0
BRDA:72,6,0,0
BRDA:72,6,1,0
BRDA:78,7,0,0
BRDA:78,7,1,0
BRDA:83,8,0,0
BRDA:83,8,1,0
BRDA:88,9,0,0
BRDA:88,9,1,0
BRDA:97,10,0,0
BRDA:97,10,1,0
BRDA:112,11,0,0
BRDA:112,11,1,0
BRDA:117,12,0,0
BRDA:117,12,1,0
BRDA:122,13,0,0
BRDA:122,13,1,0
BRF:28
BRH:0
end_of_record
TN:
SF:src\Payment\payment.router.ts
FN:6,(anonymous_0)
FN:9,(anonymous_1)
FN:22,(anonymous_2)
FN:34,(anonymous_3)
FN:46,(anonymous_4)
FN:58,(anonymous_5)
FNF:6
FNH:1
FNDA:4,(anonymous_0)
FNDA:0,(anonymous_1)
FNDA:0,(anonymous_2)
FNDA:0,(anonymous_3)
FNDA:0,(anonymous_4)
FNDA:0,(anonymous_5)
DA:2,4
DA:6,4
DA:8,4
DA:10,0
DA:11,0
DA:13,0
DA:21,4
DA:23,0
DA:24,0
DA:26,0
DA:33,4
DA:35,0
DA:36,0
DA:38,0
DA:45,4
DA:47,0
DA:48,0
DA:50,0
DA:57,4
DA:59,0
DA:60,0
DA:62,0
DA:68,4
LF:23
LH:8
BRF:0
BRH:0
end_of_record
TN:
SF:src\Payment\payment.service.ts
FN:7,(anonymous_1)
FN:16,(anonymous_2)
FN:31,(anonymous_3)
FN:46,(anonymous_4)
FN:53,(anonymous_5)
FNF:5
FNH:0
FNDA:0,(anonymous_1)
FNDA:0,(anonymous_2)
FNDA:0,(anonymous_3)
FNDA:0,(anonymous_4)
FNDA:0,(anonymous_5)
DA:1,4
DA:2,4
DA:3,4
DA:7,4
DA:8,0
DA:9,0
DA:10,0
DA:12,0
DA:16,4
DA:17,0
DA:23,0
DA:24,0
DA:27,0
DA:31,4
DA:32,0
DA:38,0
DA:39,0
DA:42,0
DA:46,4
DA:47,0
DA:48,0
DA:53,4
DA:54,0
DA:55,0
DA:56,0
DA:58,0
LF:26
LH:8
BRDA:9,0,0,0
BRDA:9,0,1,0
BRDA:23,1,0,0
BRDA:23,1,1,0
BRDA:23,2,0,0
BRDA:23,2,1,0
BRDA:38,3,0,0
BRDA:38,3,1,0
BRDA:55,4,0,0
BRDA:55,4,1,0
BRF:10
BRH:0
end_of_record
TN:
SF:src\Reservation\reservation.controller.ts
FN:5,(anonymous_0)
FN:41,(anonymous_1)
FN:54,(anonymous_2)
FN:74,(anonymous_3)
FN:142,(anonymous_4)
FNF:5
FNH:0
FNDA:0,(anonymous_0)
FNDA:0,(anonymous_1)
FNDA:0,(anonymous_2)
FNDA:0,(anonymous_3)
FNDA:0,(anonymous_4)
DA:2,4
DA:5,4
DA:6,0
DA:7,0
DA:10,0
DA:11,0
DA:13,0
DA:14,0
DA:16,0
DA:17,0
DA:21,0
DA:22,0
DA:23,0
DA:27,0
DA:29,0
DA:30,0
DA:32,0
DA:35,0
DA:41,4
DA:42,0
DA:43,0
DA:44,0
DA:45,0
DA:47,0
DA:49,0
DA:54,4
DA:55,0
DA:56,0
DA:57,0
DA:58,0
DA:61,0
DA:62,0
DA:63,0
DA:66,0
DA:69,0
DA:74,4
DA:75,0
DA:76,0
DA:77,0
DA:78,0
DA:81,0
DA:84,0
DA:85,0
DA:89,0
DA:90,0
DA:91,0
DA:95,0
DA:96,0
DA:100,0
DA:101,0
DA:105,0
DA:106,0
DA:108,0
DA:109,0
DA:111,0
DA:112,0
DA:113,0
DA:118,0
DA:119,0
DA:121,0
DA:122,0
DA:126,0
DA:129,0
DA:130,0
DA:131,0
DA:133,0
DA:137,0
DA:142,4
DA:143,0
DA:144,0
DA:145,0
DA:146,0
DA:149,0
DA:150,0
DA:151,0
DA:154,0
DA:155,0
DA:156,0
DA:157,0
DA:160,0
LF:80
LH:6
BRDA:10,0,0,0
BRDA:10,0,1,0
BRDA:13,1,0,0
BRDA:13,1,1,0
BRDA:16,2,0,0
BRDA:16,2,1,0
BRDA:21,3,0,0
BRDA:21,3,1,0
BRDA:21,4,0,0
BRDA:21,4,1,0
BRDA:22,5,0,0
BRDA:22,5,1,0
BRDA:29,6,0,0
BRDA:29,6,1,0
BRDA:44,7,0,0
BRDA:44,7,1,0
BRDA:57,8,0,0
BRDA:57,8,1,0
BRDA:62,9,0,0
BRDA:62,9,1,0
BRDA:77,10,0,0
BRDA:77,10,1,0
BRDA:84,11,0,0
BRDA:84,11,1,0
BRDA:90,12,0,0
BRDA:90,12,1,0
BRDA:95,13,0,0
BRDA:95,13,1,0
BRDA:100,14,0,0
BRDA:100,14,1,0
BRDA:105,15,0,0
BRDA:105,15,1,0
BRDA:108,16,0,0
BRDA:108,16,1,0
BRDA:111,17,0,0
BRDA:111,17,1,0
BRDA:111,18,0,0
BRDA:111,18,1,0
BRDA:112,19,0,0
BRDA:112,19,1,0
BRDA:118,20,0,0
BRDA:118,20,1,0
BRDA:121,21,0,0
BRDA:121,21,1,0
BRDA:130,22,0,0
BRDA:130,22,1,0
BRDA:145,23,0,0
BRDA:145,23,1,0
BRDA:150,24,0,0
BRDA:150,24,1,0
BRDA:155,25,0,0
BRDA:155,25,1,0
BRF:52
BRH:0
end_of_record
TN:
SF:src\Reservation\reservation.router.ts
FN:4,(anonymous_0)
FN:7,(anonymous_1)
FN:20,(anonymous_2)
FN:32,(anonymous_3)
FN:44,(anonymous_4)
FN:55,(anonymous_5)
FNF:6
FNH:1
FNDA:4,(anonymous_0)
FNDA:0,(anonymous_1)
FNDA:0,(anonymous_2)
FNDA:0,(anonymous_3)
FNDA:0,(anonymous_4)
FNDA:0,(anonymous_5)
DA:1,4
DA:4,4
DA:6,4
DA:8,0
DA:9,0
DA:11,0
DA:19,4
DA:21,0
DA:22,0
DA:24,0
DA:31,4
DA:33,0
DA:34,0
DA:36,0
DA:43,4
DA:45,0
DA:46,0
DA:48,0
DA:54,4
DA:56,0
DA:57,0
DA:59,0
DA:67,4
LF:23
LH:8
BRF:0
BRH:0
end_of_record
TN:
SF:src\Reservation\reservation.service.ts
FN:8,(anonymous_1)
FN:17,(anonymous_2)
FN:28,(anonymous_3)
FN:41,(anonymous_4)
FN:47,(anonymous_5)
FNF:5
FNH:0
FNDA:0,(anonymous_1)
FNDA:0,(anonymous_2)
FNDA:0,(anonymous_3)
FNDA:0,(anonymous_4)
FNDA:0,(anonymous_5)
DA:1,4
DA:2,4
DA:3,4
DA:8,4
DA:9,0
DA:10,0
DA:11,0
DA:13,0
DA:17,4
DA:18,0
DA:20,0
DA:21,0
DA:24,0
DA:28,4
DA:29,0
DA:33,0
DA:34,0
DA:37,0
DA:41,4
DA:42,0
DA:43,0
DA:47,4
DA:48,0
DA:49,0
DA:50,0
DA:52,0
LF:26
LH:8
BRDA:10,0,0,0
BRDA:10,0,1,0
BRDA:20,1,0,0
BRDA:20,1,1,0
BRDA:20,2,0,0
BRDA:20,2,1,0
BRDA:33,3,0,0
BRDA:33,3,1,0
BRDA:49,4,0,0
BRDA:49,4,1,0
BRF:10
BRH:0
end_of_record
TN:
SF:src\Utils\mailer.ts
FN:3,(anonymous_1)
FNF:1
FNH:1
FNDA:3,(anonymous_1)
DA:1,4
DA:3,4
DA:9,3
DA:10,3
DA:21,3
DA:29,3
DA:30,3
DA:32,3
DA:33,3
DA:34,0
DA:35,0
DA:37,0
DA:40,0
LF:13
LH:9
BRDA:32,0,0,3
BRDA:32,0,1,0
BRDA:34,1,0,0
BRDA:34,1,1,0
BRF:4
BRH:1
end_of_record
